2024-09-17 19:46:50,678 [Worker-3: Loading available Gradle versions] INFO  o.e.b.c.i.u.g.PublishedGradleVersions - Gradle version information cache is up-to-date. Trying to read.
2024-09-17 19:48:20,854 [Worker-8: Import Getting Started Content] INFO  o.e.m.c.i.l.LifecycleMappingFactory - Using org.eclipse.m2e.jdt.JarLifecycleMapping lifecycle mapping for MavenProject: com.durgesh.learn:Order-Service:0.0.1-SNAPSHOT @ D:\Learn Code with Durgesh\Microservices\Design Pattern\Saga\Order-Service\Order-Service\pom.xml.
2024-09-17 19:48:22,952 [Worker-8: Import Getting Started Content] INFO  o.e.m.j.i.AbstractJavaProjectConfigurator - Adding source folder /Order-Service/src/main/java
2024-09-17 19:48:22,954 [Worker-8: Import Getting Started Content] INFO  o.e.m.j.i.AbstractJavaProjectConfigurator - Adding resource folder /Order-Service/src/main/resources
2024-09-17 19:48:22,963 [Worker-8: Import Getting Started Content] INFO  o.e.m.j.i.AbstractJavaProjectConfigurator - Adding resource folder /Order-Service/src/main/resources
2024-09-17 19:48:22,974 [Worker-8: Import Getting Started Content] INFO  o.e.m.j.i.AbstractJavaProjectConfigurator - Adding source folder /Order-Service/src/test/java
2024-09-17 19:48:22,976 [Worker-8: Import Getting Started Content] INFO  o.e.m.j.i.AbstractJavaProjectConfigurator - Adding resource folder /Order-Service/src/test/resources
2024-09-17 19:48:23,915 [Worker-8: Import Getting Started Content] INFO  o.e.m.c.i.p.ProjectConfigurationManager - Imported and configured 1 project(s) in 5 sec
2024-09-17 19:48:23,920 [Worker-8: Import Getting Started Content] INFO  o.e.m.c.i.p.ProjectConfigurationManager - Update started
2024-09-17 19:48:24,658 [Worker-8: Import Getting Started Content] INFO  o.e.m.c.i.l.LifecycleMappingFactory - Using org.eclipse.m2e.jdt.JarLifecycleMapping lifecycle mapping for MavenProject: com.durgesh.learn:Order-Service:0.0.1-SNAPSHOT @ D:\Learn Code with Durgesh\Microservices\Design Pattern\Saga\Order-Service\Order-Service\pom.xml.
2024-09-17 19:48:26,580 [Worker-8: Import Getting Started Content] INFO  o.e.m.j.i.AbstractJavaProjectConfigurator - Adding source folder /Order-Service/src/main/java
2024-09-17 19:48:26,581 [Worker-8: Import Getting Started Content] INFO  o.e.m.j.i.AbstractJavaProjectConfigurator - Adding resource folder /Order-Service/src/main/resources
2024-09-17 19:48:26,582 [Worker-8: Import Getting Started Content] INFO  o.e.m.j.i.AbstractJavaProjectConfigurator - Adding resource folder /Order-Service/src/main/resources
2024-09-17 19:48:26,583 [Worker-8: Import Getting Started Content] INFO  o.e.m.j.i.AbstractJavaProjectConfigurator - Adding source folder /Order-Service/src/test/java
2024-09-17 19:48:26,584 [Worker-8: Import Getting Started Content] INFO  o.e.m.j.i.AbstractJavaProjectConfigurator - Adding resource folder /Order-Service/src/test/resources
2024-09-17 19:48:27,733 [Worker-8: Import Getting Started Content] INFO  o.e.m.c.i.p.ProjectConfigurationManager - Update completed for 1 poms: local refresh takes 0.00 sec, refresh facades takes 2.00 sec, update config takes 0.00 sec 
2024-09-17 19:48:29,508 [Worker-8: Building] INFO  o.a.m.s.f.DefaultMavenResourcesFiltering - Copying 1 resource from src\main\resources to target\classes
2024-09-17 19:48:29,536 [Worker-8: Building] INFO  o.a.m.s.f.DefaultMavenResourcesFiltering - Copying 0 resource from src\main\resources to target\classes
2024-09-17 19:48:29,542 [Worker-8: Building] INFO  o.a.m.s.f.DefaultMavenResourcesFiltering - skip non existing resourceDirectory D:\Learn Code with Durgesh\Microservices\Design Pattern\Saga\Order-Service\Order-Service\src\test\resources
2024-09-17 19:54:38,959 [Worker-11: Building] INFO  o.a.m.s.f.DefaultMavenResourcesFiltering - Copying 1 resource from src\main\resources to target\classes
2024-09-17 19:54:39,021 [Worker-11: Building] INFO  o.a.m.s.f.DefaultMavenResourcesFiltering - Copying 0 resource from src\main\resources to target\classes
2024-09-17 19:54:39,037 [Worker-11: Building] INFO  o.a.m.s.f.DefaultMavenResourcesFiltering - skip non existing resourceDirectory D:\Learn Code with Durgesh\Microservices\Design Pattern\Saga\Order-Service\Order-Service\src\test\resources
2024-09-17 19:54:46,790 [Worker-12: Building] INFO  o.a.m.s.f.DefaultMavenResourcesFiltering - Copying 1 resource from src\main\resources to target\classes
2024-09-17 19:54:46,830 [Worker-12: Building] INFO  o.a.m.s.f.DefaultMavenResourcesFiltering - Copying 0 resource from src\main\resources to target\classes
2024-09-17 19:54:46,836 [Worker-12: Building] INFO  o.a.m.s.f.DefaultMavenResourcesFiltering - skip non existing resourceDirectory D:\Learn Code with Durgesh\Microservices\Design Pattern\Saga\Order-Service\Order-Service\src\test\resources
2024-09-17 19:56:36,213 [Worker-15: Building] INFO  o.a.m.s.f.DefaultMavenResourcesFiltering - Copying 1 resource from src\main\resources to target\classes
2024-09-17 19:56:36,246 [Worker-15: Building] INFO  o.a.m.s.f.DefaultMavenResourcesFiltering - Copying 0 resource from src\main\resources to target\classes
2024-09-17 19:56:36,253 [Worker-15: Building] INFO  o.a.m.s.f.DefaultMavenResourcesFiltering - skip non existing resourceDirectory D:\Learn Code with Durgesh\Microservices\Design Pattern\Saga\Order-Service\Order-Service\src\test\resources
2024-09-17 19:56:49,464 [Worker-4: Building] INFO  o.a.m.s.f.DefaultMavenResourcesFiltering - Copying 1 resource from src\main\resources to target\classes
2024-09-17 19:56:49,553 [Worker-4: Building] INFO  o.a.m.s.f.DefaultMavenResourcesFiltering - Copying 0 resource from src\main\resources to target\classes
2024-09-17 19:56:49,565 [Worker-4: Building] INFO  o.a.m.s.f.DefaultMavenResourcesFiltering - skip non existing resourceDirectory D:\Learn Code with Durgesh\Microservices\Design Pattern\Saga\Order-Service\Order-Service\src\test\resources
2024-09-17 19:57:23,909 [Worker-15: Building] INFO  o.a.m.s.f.DefaultMavenResourcesFiltering - Copying 1 resource from src\main\resources to target\classes
2024-09-17 19:57:23,976 [Worker-15: Building] INFO  o.a.m.s.f.DefaultMavenResourcesFiltering - Copying 0 resource from src\main\resources to target\classes
2024-09-17 19:57:23,986 [Worker-15: Building] INFO  o.a.m.s.f.DefaultMavenResourcesFiltering - skip non existing resourceDirectory D:\Learn Code with Durgesh\Microservices\Design Pattern\Saga\Order-Service\Order-Service\src\test\resources
2024-09-17 19:57:31,573 [Worker-15: Building] INFO  o.a.m.s.f.DefaultMavenResourcesFiltering - Copying 1 resource from src\main\resources to target\classes
2024-09-17 19:57:31,594 [Worker-15: Building] INFO  o.a.m.s.f.DefaultMavenResourcesFiltering - Copying 0 resource from src\main\resources to target\classes
2024-09-17 19:57:31,598 [Worker-15: Building] INFO  o.a.m.s.f.DefaultMavenResourcesFiltering - skip non existing resourceDirectory D:\Learn Code with Durgesh\Microservices\Design Pattern\Saga\Order-Service\Order-Service\src\test\resources
2024-09-17 19:58:12,192 [Worker-4: Building] INFO  o.e.m.c.i.l.LifecycleMappingFactory - Using org.eclipse.m2e.jdt.JarLifecycleMapping lifecycle mapping for MavenProject: com.durgesh.learn:Order-Service:0.0.1-SNAPSHOT @ D:\Learn Code with Durgesh\Microservices\Design Pattern\Saga\Order-Service\Order-Service\pom.xml.
2024-09-17 19:58:14,786 [Worker-4: Building] INFO  o.a.m.s.f.DefaultMavenResourcesFiltering - Copying 0 resource from src\main\resources to target\classes
2024-09-17 19:58:14,787 [Worker-4: Building] INFO  o.a.m.s.f.DefaultMavenResourcesFiltering - Copying 0 resource from src\main\resources to target\classes
2024-09-17 19:58:14,794 [Worker-4: Building] INFO  o.a.m.s.f.DefaultMavenResourcesFiltering - skip non existing resourceDirectory D:\Learn Code with Durgesh\Microservices\Design Pattern\Saga\Order-Service\Order-Service\src\test\resources
2024-09-17 19:58:16,239 [Worker-4: Building] INFO  o.a.m.s.f.DefaultMavenResourcesFiltering - Copying 1 resource from src\main\resources to target\classes
2024-09-17 19:58:16,257 [Worker-4: Building] INFO  o.a.m.s.f.DefaultMavenResourcesFiltering - Copying 0 resource from src\main\resources to target\classes
2024-09-17 19:58:16,261 [Worker-4: Building] INFO  o.a.m.s.f.DefaultMavenResourcesFiltering - skip non existing resourceDirectory D:\Learn Code with Durgesh\Microservices\Design Pattern\Saga\Order-Service\Order-Service\src\test\resources
2024-09-17 19:58:47,434 [Worker-12: Building] INFO  o.a.m.s.f.DefaultMavenResourcesFiltering - Copying 1 resource from src\main\resources to target\classes
2024-09-17 19:58:47,460 [Worker-12: Building] INFO  o.a.m.s.f.DefaultMavenResourcesFiltering - Copying 0 resource from src\main\resources to target\classes
2024-09-17 19:58:47,464 [Worker-12: Building] INFO  o.a.m.s.f.DefaultMavenResourcesFiltering - skip non existing resourceDirectory D:\Learn Code with Durgesh\Microservices\Design Pattern\Saga\Order-Service\Order-Service\src\test\resources
2024-09-17 19:58:55,133 [Worker-17: Building] INFO  o.a.m.s.f.DefaultMavenResourcesFiltering - Copying 1 resource from src\main\resources to target\classes
2024-09-17 19:58:55,195 [Worker-17: Building] INFO  o.a.m.s.f.DefaultMavenResourcesFiltering - Copying 0 resource from src\main\resources to target\classes
2024-09-17 19:58:55,199 [Worker-17: Building] INFO  o.a.m.s.f.DefaultMavenResourcesFiltering - skip non existing resourceDirectory D:\Learn Code with Durgesh\Microservices\Design Pattern\Saga\Order-Service\Order-Service\src\test\resources
2024-09-17 19:59:28,372 [Worker-12: Building] INFO  o.a.m.s.f.DefaultMavenResourcesFiltering - Copying 1 resource from src\main\resources to target\classes
2024-09-17 19:59:28,499 [Worker-12: Building] INFO  o.a.m.s.f.DefaultMavenResourcesFiltering - Copying 0 resource from src\main\resources to target\classes
2024-09-17 19:59:28,505 [Worker-12: Building] INFO  o.a.m.s.f.DefaultMavenResourcesFiltering - skip non existing resourceDirectory D:\Learn Code with Durgesh\Microservices\Design Pattern\Saga\Order-Service\Order-Service\src\test\resources
2024-09-17 20:01:15,267 [Worker-12: Building] INFO  o.a.m.s.f.DefaultMavenResourcesFiltering - Copying 1 resource from src\main\resources to target\classes
2024-09-17 20:01:15,292 [Worker-12: Building] INFO  o.a.m.s.f.DefaultMavenResourcesFiltering - Copying 0 resource from src\main\resources to target\classes
2024-09-17 20:01:15,299 [Worker-12: Building] INFO  o.a.m.s.f.DefaultMavenResourcesFiltering - skip non existing resourceDirectory D:\Learn Code with Durgesh\Microservices\Design Pattern\Saga\Order-Service\Order-Service\src\test\resources
2024-09-17 20:01:30,027 [Worker-20: Building] INFO  o.a.m.s.f.DefaultMavenResourcesFiltering - Copying 1 resource from src\main\resources to target\classes
2024-09-17 20:01:30,034 [Worker-20: Building] INFO  o.a.m.s.f.DefaultMavenResourcesFiltering - Copying 0 resource from src\main\resources to target\classes
2024-09-17 20:01:30,037 [Worker-20: Building] INFO  o.a.m.s.f.DefaultMavenResourcesFiltering - skip non existing resourceDirectory D:\Learn Code with Durgesh\Microservices\Design Pattern\Saga\Order-Service\Order-Service\src\test\resources
2024-09-17 20:01:54,684 [Worker-12: Building] INFO  o.a.m.s.f.DefaultMavenResourcesFiltering - Copying 1 resource from src\main\resources to target\classes
2024-09-17 20:01:54,740 [Worker-12: Building] INFO  o.a.m.s.f.DefaultMavenResourcesFiltering - Copying 0 resource from src\main\resources to target\classes
2024-09-17 20:01:54,746 [Worker-12: Building] INFO  o.a.m.s.f.DefaultMavenResourcesFiltering - skip non existing resourceDirectory D:\Learn Code with Durgesh\Microservices\Design Pattern\Saga\Order-Service\Order-Service\src\test\resources
2024-09-17 20:02:19,729 [Worker-17: Building] INFO  o.a.m.s.f.DefaultMavenResourcesFiltering - Copying 1 resource from src\main\resources to target\classes
2024-09-17 20:02:19,749 [Worker-17: Building] INFO  o.a.m.s.f.DefaultMavenResourcesFiltering - Copying 0 resource from src\main\resources to target\classes
2024-09-17 20:02:19,755 [Worker-17: Building] INFO  o.a.m.s.f.DefaultMavenResourcesFiltering - skip non existing resourceDirectory D:\Learn Code with Durgesh\Microservices\Design Pattern\Saga\Order-Service\Order-Service\src\test\resources
2024-09-17 20:02:47,569 [Worker-18: Building] INFO  o.a.m.s.f.DefaultMavenResourcesFiltering - Copying 1 resource from src\main\resources to target\classes
2024-09-17 20:02:47,593 [Worker-18: Building] INFO  o.a.m.s.f.DefaultMavenResourcesFiltering - Copying 0 resource from src\main\resources to target\classes
2024-09-17 20:02:47,596 [Worker-18: Building] INFO  o.a.m.s.f.DefaultMavenResourcesFiltering - skip non existing resourceDirectory D:\Learn Code with Durgesh\Microservices\Design Pattern\Saga\Order-Service\Order-Service\src\test\resources
2024-09-17 20:02:48,874 [Worker-17: Building] INFO  o.a.m.s.f.DefaultMavenResourcesFiltering - Copying 1 resource from src\main\resources to target\classes
2024-09-17 20:02:48,886 [Worker-17: Building] INFO  o.a.m.s.f.DefaultMavenResourcesFiltering - Copying 0 resource from src\main\resources to target\classes
2024-09-17 20:02:48,890 [Worker-17: Building] INFO  o.a.m.s.f.DefaultMavenResourcesFiltering - skip non existing resourceDirectory D:\Learn Code with Durgesh\Microservices\Design Pattern\Saga\Order-Service\Order-Service\src\test\resources
2024-09-17 20:03:01,575 [Worker-17: Building] INFO  o.a.m.s.f.DefaultMavenResourcesFiltering - Copying 1 resource from src\main\resources to target\classes
2024-09-17 20:03:01,627 [Worker-17: Building] INFO  o.a.m.s.f.DefaultMavenResourcesFiltering - Copying 0 resource from src\main\resources to target\classes
2024-09-17 20:03:01,631 [Worker-17: Building] INFO  o.a.m.s.f.DefaultMavenResourcesFiltering - skip non existing resourceDirectory D:\Learn Code with Durgesh\Microservices\Design Pattern\Saga\Order-Service\Order-Service\src\test\resources
2024-09-17 20:03:14,170 [Worker-4: Building] INFO  o.a.m.s.f.DefaultMavenResourcesFiltering - Copying 1 resource from src\main\resources to target\classes
2024-09-17 20:03:14,203 [Worker-4: Building] INFO  o.a.m.s.f.DefaultMavenResourcesFiltering - Copying 0 resource from src\main\resources to target\classes
2024-09-17 20:03:14,206 [Worker-4: Building] INFO  o.a.m.s.f.DefaultMavenResourcesFiltering - skip non existing resourceDirectory D:\Learn Code with Durgesh\Microservices\Design Pattern\Saga\Order-Service\Order-Service\src\test\resources
2024-09-17 20:03:30,835 [Worker-20: Building] INFO  o.a.m.s.f.DefaultMavenResourcesFiltering - Copying 1 resource from src\main\resources to target\classes
2024-09-17 20:03:30,842 [Worker-20: Building] INFO  o.a.m.s.f.DefaultMavenResourcesFiltering - Copying 0 resource from src\main\resources to target\classes
2024-09-17 20:03:30,846 [Worker-20: Building] INFO  o.a.m.s.f.DefaultMavenResourcesFiltering - skip non existing resourceDirectory D:\Learn Code with Durgesh\Microservices\Design Pattern\Saga\Order-Service\Order-Service\src\test\resources
2024-09-17 20:04:24,398 [Worker-17: Building] INFO  o.a.m.s.f.DefaultMavenResourcesFiltering - Copying 1 resource from src\main\resources to target\classes
2024-09-17 20:04:24,406 [Worker-17: Building] INFO  o.a.m.s.f.DefaultMavenResourcesFiltering - Copying 0 resource from src\main\resources to target\classes
2024-09-17 20:04:24,410 [Worker-17: Building] INFO  o.a.m.s.f.DefaultMavenResourcesFiltering - skip non existing resourceDirectory D:\Learn Code with Durgesh\Microservices\Design Pattern\Saga\Order-Service\Order-Service\src\test\resources
2024-09-17 20:04:35,365 [Worker-20: Building] INFO  o.a.m.s.f.DefaultMavenResourcesFiltering - Copying 1 resource from src\main\resources to target\classes
2024-09-17 20:04:35,397 [Worker-20: Building] INFO  o.a.m.s.f.DefaultMavenResourcesFiltering - Copying 0 resource from src\main\resources to target\classes
2024-09-17 20:04:35,402 [Worker-20: Building] INFO  o.a.m.s.f.DefaultMavenResourcesFiltering - skip non existing resourceDirectory D:\Learn Code with Durgesh\Microservices\Design Pattern\Saga\Order-Service\Order-Service\src\test\resources
2024-09-17 20:11:54,346 [Worker-25: Building] INFO  o.a.m.s.f.DefaultMavenResourcesFiltering - Copying 1 resource from src\main\resources to target\classes
2024-09-17 20:11:54,445 [Worker-25: Building] INFO  o.a.m.s.f.DefaultMavenResourcesFiltering - Copying 0 resource from src\main\resources to target\classes
2024-09-17 20:11:54,456 [Worker-25: Building] INFO  o.a.m.s.f.DefaultMavenResourcesFiltering - skip non existing resourceDirectory D:\Learn Code with Durgesh\Microservices\Design Pattern\Saga\Order-Service\Order-Service\src\test\resources
2024-09-17 20:15:22,797 [Worker-24: Building] INFO  o.a.m.s.f.DefaultMavenResourcesFiltering - Copying 1 resource from src\main\resources to target\classes
2024-09-17 20:15:22,870 [Worker-24: Building] INFO  o.a.m.s.f.DefaultMavenResourcesFiltering - Copying 0 resource from src\main\resources to target\classes
2024-09-17 20:15:22,875 [Worker-24: Building] INFO  o.a.m.s.f.DefaultMavenResourcesFiltering - skip non existing resourceDirectory D:\Learn Code with Durgesh\Microservices\Design Pattern\Saga\Order-Service\Order-Service\src\test\resources
2024-09-17 20:15:57,837 [Worker-28: Launching Executing install in D__Learn Code with Durgesh_Microservices_Design Pattern_Saga_Order-Service_Order-Service] INFO  o.eclipse.m2e.core.internal.Bundles - getClasspathEntries(Bundle=org.eclipse.m2e.maven.runtime_3.9.900.20240824-1409 [919])
2024-09-17 20:15:57,847 [Worker-28: Launching Executing install in D__Learn Code with Durgesh_Microservices_Design Pattern_Saga_Order-Service_Order-Service] INFO  o.eclipse.m2e.core.internal.Bundles - 	Entry: D:\Software\sts-4.16.1.RELEASE\plugins\org.eclipse.m2e.maven.runtime_3.9.900.20240824-1409
2024-09-17 20:15:57,848 [Worker-28: Launching Executing install in D__Learn Code with Durgesh_Microservices_Design Pattern_Saga_Order-Service_Order-Service] INFO  o.eclipse.m2e.core.internal.Bundles - 	Entry: D:\Software\sts-4.16.1.RELEASE\plugins\org.eclipse.m2e.maven.runtime_3.9.900.20240824-1409\jars\aopalliance-1.0.jar
2024-09-17 20:15:57,848 [Worker-28: Launching Executing install in D__Learn Code with Durgesh_Microservices_Design Pattern_Saga_Order-Service_Order-Service] INFO  o.eclipse.m2e.core.internal.Bundles - 	Entry: D:\Software\sts-4.16.1.RELEASE\plugins\org.eclipse.m2e.maven.runtime_3.9.900.20240824-1409\jars\guice-5.1.0.jar
2024-09-17 20:15:57,848 [Worker-28: Launching Executing install in D__Learn Code with Durgesh_Microservices_Design Pattern_Saga_Order-Service_Order-Service] INFO  o.eclipse.m2e.core.internal.Bundles - 	Entry: D:\Software\sts-4.16.1.RELEASE\plugins\org.eclipse.m2e.maven.runtime_3.9.900.20240824-1409\jars\httpclient-4.5.14.jar
2024-09-17 20:15:57,848 [Worker-28: Launching Executing install in D__Learn Code with Durgesh_Microservices_Design Pattern_Saga_Order-Service_Order-Service] INFO  o.eclipse.m2e.core.internal.Bundles - 	Entry: D:\Software\sts-4.16.1.RELEASE\plugins\org.eclipse.m2e.maven.runtime_3.9.900.20240824-1409\jars\httpcore-4.4.16.jar
2024-09-17 20:15:57,848 [Worker-28: Launching Executing install in D__Learn Code with Durgesh_Microservices_Design Pattern_Saga_Order-Service_Order-Service] INFO  o.eclipse.m2e.core.internal.Bundles - 	Entry: D:\Software\sts-4.16.1.RELEASE\plugins\org.eclipse.m2e.maven.runtime_3.9.900.20240824-1409\jars\jansi-2.4.1.jar
2024-09-17 20:15:57,848 [Worker-28: Launching Executing install in D__Learn Code with Durgesh_Microservices_Design Pattern_Saga_Order-Service_Order-Service] INFO  o.eclipse.m2e.core.internal.Bundles - 	Entry: D:\Software\sts-4.16.1.RELEASE\plugins\org.eclipse.m2e.maven.runtime_3.9.900.20240824-1409\jars\jcl-over-slf4j-1.7.36.jar
2024-09-17 20:15:57,848 [Worker-28: Launching Executing install in D__Learn Code with Durgesh_Microservices_Design Pattern_Saga_Order-Service_Order-Service] INFO  o.eclipse.m2e.core.internal.Bundles - 	Entry: D:\Software\sts-4.16.1.RELEASE\plugins\org.eclipse.m2e.maven.runtime_3.9.900.20240824-1409\jars\maven-artifact-3.9.9.jar
2024-09-17 20:15:57,848 [Worker-28: Launching Executing install in D__Learn Code with Durgesh_Microservices_Design Pattern_Saga_Order-Service_Order-Service] INFO  o.eclipse.m2e.core.internal.Bundles - 	Entry: D:\Software\sts-4.16.1.RELEASE\plugins\org.eclipse.m2e.maven.runtime_3.9.900.20240824-1409\jars\maven-builder-support-3.9.9.jar
2024-09-17 20:15:57,848 [Worker-28: Launching Executing install in D__Learn Code with Durgesh_Microservices_Design Pattern_Saga_Order-Service_Order-Service] INFO  o.eclipse.m2e.core.internal.Bundles - 	Entry: D:\Software\sts-4.16.1.RELEASE\plugins\org.eclipse.m2e.maven.runtime_3.9.900.20240824-1409\jars\maven-compat-3.9.9.jar
2024-09-17 20:15:57,849 [Worker-28: Launching Executing install in D__Learn Code with Durgesh_Microservices_Design Pattern_Saga_Order-Service_Order-Service] INFO  o.eclipse.m2e.core.internal.Bundles - 	Entry: D:\Software\sts-4.16.1.RELEASE\plugins\org.eclipse.m2e.maven.runtime_3.9.900.20240824-1409\jars\maven-core-3.9.9.jar
2024-09-17 20:15:57,849 [Worker-28: Launching Executing install in D__Learn Code with Durgesh_Microservices_Design Pattern_Saga_Order-Service_Order-Service] INFO  o.eclipse.m2e.core.internal.Bundles - 	Entry: D:\Software\sts-4.16.1.RELEASE\plugins\org.eclipse.m2e.maven.runtime_3.9.900.20240824-1409\jars\maven-embedder-3.9.9.jar
2024-09-17 20:15:57,849 [Worker-28: Launching Executing install in D__Learn Code with Durgesh_Microservices_Design Pattern_Saga_Order-Service_Order-Service] INFO  o.eclipse.m2e.core.internal.Bundles - 	Entry: D:\Software\sts-4.16.1.RELEASE\plugins\org.eclipse.m2e.maven.runtime_3.9.900.20240824-1409\jars\maven-model-3.9.9.jar
2024-09-17 20:15:57,849 [Worker-28: Launching Executing install in D__Learn Code with Durgesh_Microservices_Design Pattern_Saga_Order-Service_Order-Service] INFO  o.eclipse.m2e.core.internal.Bundles - 	Entry: D:\Software\sts-4.16.1.RELEASE\plugins\org.eclipse.m2e.maven.runtime_3.9.900.20240824-1409\jars\maven-model-builder-3.9.9.jar
2024-09-17 20:15:57,849 [Worker-28: Launching Executing install in D__Learn Code with Durgesh_Microservices_Design Pattern_Saga_Order-Service_Order-Service] INFO  o.eclipse.m2e.core.internal.Bundles - 	Entry: D:\Software\sts-4.16.1.RELEASE\plugins\org.eclipse.m2e.maven.runtime_3.9.900.20240824-1409\jars\maven-plugin-api-3.9.9.jar
2024-09-17 20:15:57,849 [Worker-28: Launching Executing install in D__Learn Code with Durgesh_Microservices_Design Pattern_Saga_Order-Service_Order-Service] INFO  o.eclipse.m2e.core.internal.Bundles - 	Entry: D:\Software\sts-4.16.1.RELEASE\plugins\org.eclipse.m2e.maven.runtime_3.9.900.20240824-1409\jars\maven-repository-metadata-3.9.9.jar
2024-09-17 20:15:57,849 [Worker-28: Launching Executing install in D__Learn Code with Durgesh_Microservices_Design Pattern_Saga_Order-Service_Order-Service] INFO  o.eclipse.m2e.core.internal.Bundles - 	Entry: D:\Software\sts-4.16.1.RELEASE\plugins\org.eclipse.m2e.maven.runtime_3.9.900.20240824-1409\jars\maven-resolver-api-1.9.22.jar
2024-09-17 20:15:57,849 [Worker-28: Launching Executing install in D__Learn Code with Durgesh_Microservices_Design Pattern_Saga_Order-Service_Order-Service] INFO  o.eclipse.m2e.core.internal.Bundles - 	Entry: D:\Software\sts-4.16.1.RELEASE\plugins\org.eclipse.m2e.maven.runtime_3.9.900.20240824-1409\jars\maven-resolver-connector-basic-1.9.22.jar
2024-09-17 20:15:57,849 [Worker-28: Launching Executing install in D__Learn Code with Durgesh_Microservices_Design Pattern_Saga_Order-Service_Order-Service] INFO  o.eclipse.m2e.core.internal.Bundles - 	Entry: D:\Software\sts-4.16.1.RELEASE\plugins\org.eclipse.m2e.maven.runtime_3.9.900.20240824-1409\jars\maven-resolver-impl-1.9.22.jar
2024-09-17 20:15:57,849 [Worker-28: Launching Executing install in D__Learn Code with Durgesh_Microservices_Design Pattern_Saga_Order-Service_Order-Service] INFO  o.eclipse.m2e.core.internal.Bundles - 	Entry: D:\Software\sts-4.16.1.RELEASE\plugins\org.eclipse.m2e.maven.runtime_3.9.900.20240824-1409\jars\maven-resolver-named-locks-1.9.22.jar
2024-09-17 20:15:57,849 [Worker-28: Launching Executing install in D__Learn Code with Durgesh_Microservices_Design Pattern_Saga_Order-Service_Order-Service] INFO  o.eclipse.m2e.core.internal.Bundles - 	Entry: D:\Software\sts-4.16.1.RELEASE\plugins\org.eclipse.m2e.maven.runtime_3.9.900.20240824-1409\jars\maven-resolver-provider-3.9.9.jar
2024-09-17 20:15:57,849 [Worker-28: Launching Executing install in D__Learn Code with Durgesh_Microservices_Design Pattern_Saga_Order-Service_Order-Service] INFO  o.eclipse.m2e.core.internal.Bundles - 	Entry: D:\Software\sts-4.16.1.RELEASE\plugins\org.eclipse.m2e.maven.runtime_3.9.900.20240824-1409\jars\maven-resolver-spi-1.9.22.jar
2024-09-17 20:15:57,849 [Worker-28: Launching Executing install in D__Learn Code with Durgesh_Microservices_Design Pattern_Saga_Order-Service_Order-Service] INFO  o.eclipse.m2e.core.internal.Bundles - 	Entry: D:\Software\sts-4.16.1.RELEASE\plugins\org.eclipse.m2e.maven.runtime_3.9.900.20240824-1409\jars\maven-resolver-transport-file-1.9.22.jar
2024-09-17 20:15:57,849 [Worker-28: Launching Executing install in D__Learn Code with Durgesh_Microservices_Design Pattern_Saga_Order-Service_Order-Service] INFO  o.eclipse.m2e.core.internal.Bundles - 	Entry: D:\Software\sts-4.16.1.RELEASE\plugins\org.eclipse.m2e.maven.runtime_3.9.900.20240824-1409\jars\maven-resolver-transport-http-1.9.22.jar
2024-09-17 20:15:57,851 [Worker-28: Launching Executing install in D__Learn Code with Durgesh_Microservices_Design Pattern_Saga_Order-Service_Order-Service] INFO  o.eclipse.m2e.core.internal.Bundles - 	Entry: D:\Software\sts-4.16.1.RELEASE\plugins\org.eclipse.m2e.maven.runtime_3.9.900.20240824-1409\jars\maven-resolver-transport-wagon-1.9.22.jar
2024-09-17 20:15:57,851 [Worker-28: Launching Executing install in D__Learn Code with Durgesh_Microservices_Design Pattern_Saga_Order-Service_Order-Service] INFO  o.eclipse.m2e.core.internal.Bundles - 	Entry: D:\Software\sts-4.16.1.RELEASE\plugins\org.eclipse.m2e.maven.runtime_3.9.900.20240824-1409\jars\maven-resolver-util-1.9.22.jar
2024-09-17 20:15:57,851 [Worker-28: Launching Executing install in D__Learn Code with Durgesh_Microservices_Design Pattern_Saga_Order-Service_Order-Service] INFO  o.eclipse.m2e.core.internal.Bundles - 	Entry: D:\Software\sts-4.16.1.RELEASE\plugins\org.eclipse.m2e.maven.runtime_3.9.900.20240824-1409\jars\maven-settings-3.9.9.jar
2024-09-17 20:15:57,851 [Worker-28: Launching Executing install in D__Learn Code with Durgesh_Microservices_Design Pattern_Saga_Order-Service_Order-Service] INFO  o.eclipse.m2e.core.internal.Bundles - 	Entry: D:\Software\sts-4.16.1.RELEASE\plugins\org.eclipse.m2e.maven.runtime_3.9.900.20240824-1409\jars\maven-settings-builder-3.9.9.jar
2024-09-17 20:15:57,851 [Worker-28: Launching Executing install in D__Learn Code with Durgesh_Microservices_Design Pattern_Saga_Order-Service_Order-Service] INFO  o.eclipse.m2e.core.internal.Bundles - 	Entry: D:\Software\sts-4.16.1.RELEASE\plugins\org.eclipse.m2e.maven.runtime_3.9.900.20240824-1409\jars\maven-shared-utils-3.4.2.jar
2024-09-17 20:15:57,851 [Worker-28: Launching Executing install in D__Learn Code with Durgesh_Microservices_Design Pattern_Saga_Order-Service_Order-Service] INFO  o.eclipse.m2e.core.internal.Bundles - 	Entry: D:\Software\sts-4.16.1.RELEASE\plugins\org.eclipse.m2e.maven.runtime_3.9.900.20240824-1409\jars\org.eclipse.sisu.inject-0.9.0.M3.jar
2024-09-17 20:15:57,851 [Worker-28: Launching Executing install in D__Learn Code with Durgesh_Microservices_Design Pattern_Saga_Order-Service_Order-Service] INFO  o.eclipse.m2e.core.internal.Bundles - 	Entry: D:\Software\sts-4.16.1.RELEASE\plugins\org.eclipse.m2e.maven.runtime_3.9.900.20240824-1409\jars\org.eclipse.sisu.plexus-0.9.0.M3.jar
2024-09-17 20:15:57,852 [Worker-28: Launching Executing install in D__Learn Code with Durgesh_Microservices_Design Pattern_Saga_Order-Service_Order-Service] INFO  o.eclipse.m2e.core.internal.Bundles - 	Entry: D:\Software\sts-4.16.1.RELEASE\plugins\org.eclipse.m2e.maven.runtime_3.9.900.20240824-1409\jars\plexus-build-api-0.0.7.jar
2024-09-17 20:15:57,852 [Worker-28: Launching Executing install in D__Learn Code with Durgesh_Microservices_Design Pattern_Saga_Order-Service_Order-Service] INFO  o.eclipse.m2e.core.internal.Bundles - 	Entry: D:\Software\sts-4.16.1.RELEASE\plugins\org.eclipse.m2e.maven.runtime_3.9.900.20240824-1409\jars\plexus-build-api-1.2.0.jar
2024-09-17 20:15:57,852 [Worker-28: Launching Executing install in D__Learn Code with Durgesh_Microservices_Design Pattern_Saga_Order-Service_Order-Service] INFO  o.eclipse.m2e.core.internal.Bundles - 	Entry: D:\Software\sts-4.16.1.RELEASE\plugins\org.eclipse.m2e.maven.runtime_3.9.900.20240824-1409\jars\plexus-cipher-2.0.jar
2024-09-17 20:15:57,852 [Worker-28: Launching Executing install in D__Learn Code with Durgesh_Microservices_Design Pattern_Saga_Order-Service_Order-Service] INFO  o.eclipse.m2e.core.internal.Bundles - 	Entry: D:\Software\sts-4.16.1.RELEASE\plugins\org.eclipse.m2e.maven.runtime_3.9.900.20240824-1409\jars\plexus-classworlds-2.8.0.jar
2024-09-17 20:15:57,852 [Worker-28: Launching Executing install in D__Learn Code with Durgesh_Microservices_Design Pattern_Saga_Order-Service_Order-Service] INFO  o.eclipse.m2e.core.internal.Bundles - 	Entry: D:\Software\sts-4.16.1.RELEASE\plugins\org.eclipse.m2e.maven.runtime_3.9.900.20240824-1409\jars\plexus-component-annotations-2.1.0.jar
2024-09-17 20:15:57,852 [Worker-28: Launching Executing install in D__Learn Code with Durgesh_Microservices_Design Pattern_Saga_Order-Service_Order-Service] INFO  o.eclipse.m2e.core.internal.Bundles - 	Entry: D:\Software\sts-4.16.1.RELEASE\plugins\org.eclipse.m2e.maven.runtime_3.9.900.20240824-1409\jars\plexus-interpolation-1.27.jar
2024-09-17 20:15:57,852 [Worker-28: Launching Executing install in D__Learn Code with Durgesh_Microservices_Design Pattern_Saga_Order-Service_Order-Service] INFO  o.eclipse.m2e.core.internal.Bundles - 	Entry: D:\Software\sts-4.16.1.RELEASE\plugins\org.eclipse.m2e.maven.runtime_3.9.900.20240824-1409\jars\plexus-sec-dispatcher-2.0.jar
2024-09-17 20:15:57,852 [Worker-28: Launching Executing install in D__Learn Code with Durgesh_Microservices_Design Pattern_Saga_Order-Service_Order-Service] INFO  o.eclipse.m2e.core.internal.Bundles - 	Entry: D:\Software\sts-4.16.1.RELEASE\plugins\org.eclipse.m2e.maven.runtime_3.9.900.20240824-1409\jars\plexus-utils-3.5.1.jar
2024-09-17 20:15:57,852 [Worker-28: Launching Executing install in D__Learn Code with Durgesh_Microservices_Design Pattern_Saga_Order-Service_Order-Service] INFO  o.eclipse.m2e.core.internal.Bundles - 	Entry: D:\Software\sts-4.16.1.RELEASE\plugins\org.eclipse.m2e.maven.runtime_3.9.900.20240824-1409\jars\plexus-xml-3.0.1.jar
2024-09-17 20:15:57,852 [Worker-28: Launching Executing install in D__Learn Code with Durgesh_Microservices_Design Pattern_Saga_Order-Service_Order-Service] INFO  o.eclipse.m2e.core.internal.Bundles - 	Entry: D:\Software\sts-4.16.1.RELEASE\plugins\org.eclipse.m2e.maven.runtime_3.9.900.20240824-1409\jars\wagon-file-3.5.3.jar
2024-09-17 20:15:57,852 [Worker-28: Launching Executing install in D__Learn Code with Durgesh_Microservices_Design Pattern_Saga_Order-Service_Order-Service] INFO  o.eclipse.m2e.core.internal.Bundles - 	Entry: D:\Software\sts-4.16.1.RELEASE\plugins\org.eclipse.m2e.maven.runtime_3.9.900.20240824-1409\jars\wagon-http-3.5.3.jar
2024-09-17 20:15:57,852 [Worker-28: Launching Executing install in D__Learn Code with Durgesh_Microservices_Design Pattern_Saga_Order-Service_Order-Service] INFO  o.eclipse.m2e.core.internal.Bundles - 	Entry: D:\Software\sts-4.16.1.RELEASE\plugins\org.eclipse.m2e.maven.runtime_3.9.900.20240824-1409\jars\wagon-http-shared-3.5.3.jar
2024-09-17 20:15:57,852 [Worker-28: Launching Executing install in D__Learn Code with Durgesh_Microservices_Design Pattern_Saga_Order-Service_Order-Service] INFO  o.eclipse.m2e.core.internal.Bundles - 	Entry: D:\Software\sts-4.16.1.RELEASE\plugins\org.eclipse.m2e.maven.runtime_3.9.900.20240824-1409\jars\wagon-provider-api-3.5.3.jar
2024-09-17 20:15:57,857 [Worker-28: Launching Executing install in D__Learn Code with Durgesh_Microservices_Design Pattern_Saga_Order-Service_Order-Service] INFO  o.eclipse.m2e.core.internal.Bundles - getClasspathEntries(Bundle=com.google.guava_33.3.0.jre [613])
2024-09-17 20:15:57,857 [Worker-28: Launching Executing install in D__Learn Code with Durgesh_Microservices_Design Pattern_Saga_Order-Service_Order-Service] INFO  o.eclipse.m2e.core.internal.Bundles - 	Entry: D:\Software\sts-4.16.1.RELEASE\plugins\com.google.guava_33.3.0.jre.jar
2024-09-17 20:15:57,858 [Worker-28: Launching Executing install in D__Learn Code with Durgesh_Microservices_Design Pattern_Saga_Order-Service_Order-Service] INFO  o.eclipse.m2e.core.internal.Bundles - getClasspathEntries(Bundle=slf4j.api_2.0.16 [1104])
2024-09-17 20:15:57,858 [Worker-28: Launching Executing install in D__Learn Code with Durgesh_Microservices_Design Pattern_Saga_Order-Service_Order-Service] INFO  o.eclipse.m2e.core.internal.Bundles - 	Entry: D:\Software\sts-4.16.1.RELEASE\plugins\slf4j.api_2.0.16.jar
2024-09-17 20:15:57,858 [Worker-28: Launching Executing install in D__Learn Code with Durgesh_Microservices_Design Pattern_Saga_Order-Service_Order-Service] INFO  o.eclipse.m2e.core.internal.Bundles - getClasspathEntries(Bundle=javax.inject_1.0.0.v20220405-0441 [48])
2024-09-17 20:15:57,858 [Worker-28: Launching Executing install in D__Learn Code with Durgesh_Microservices_Design Pattern_Saga_Order-Service_Order-Service] INFO  o.eclipse.m2e.core.internal.Bundles - 	Entry: D:\Software\sts-4.16.1.RELEASE\plugins\javax.inject_1.0.0.v20220405-0441.jar
2024-09-17 20:15:57,858 [Worker-28: Launching Executing install in D__Learn Code with Durgesh_Microservices_Design Pattern_Saga_Order-Service_Order-Service] INFO  o.eclipse.m2e.core.internal.Bundles - getClasspathEntries(Bundle=javax.annotation_1.3.5.v20200909-1856 [46])
2024-09-17 20:15:57,859 [Worker-28: Launching Executing install in D__Learn Code with Durgesh_Microservices_Design Pattern_Saga_Order-Service_Order-Service] INFO  o.eclipse.m2e.core.internal.Bundles - 	Entry: D:\Software\sts-4.16.1.RELEASE\plugins\javax.annotation_1.3.5.v20200909-1856.jar
2024-09-17 20:15:57,860 [Worker-28: Launching Executing install in D__Learn Code with Durgesh_Microservices_Design Pattern_Saga_Order-Service_Order-Service] INFO  o.eclipse.m2e.core.internal.Bundles - getClasspathEntries(Bundle=org.apache.commons.cli_1.9.0 [651])
2024-09-17 20:15:57,861 [Worker-28: Launching Executing install in D__Learn Code with Durgesh_Microservices_Design Pattern_Saga_Order-Service_Order-Service] INFO  o.eclipse.m2e.core.internal.Bundles - 	Entry: D:\Software\sts-4.16.1.RELEASE\plugins\org.apache.commons.cli_1.9.0.jar
2024-09-17 20:15:57,861 [Worker-28: Launching Executing install in D__Learn Code with Durgesh_Microservices_Design Pattern_Saga_Order-Service_Order-Service] INFO  o.eclipse.m2e.core.internal.Bundles - getClasspathEntries(Bundle=org.apache.commons.commons-codec_1.16.0 [652])
2024-09-17 20:15:57,862 [Worker-28: Launching Executing install in D__Learn Code with Durgesh_Microservices_Design Pattern_Saga_Order-Service_Order-Service] INFO  o.eclipse.m2e.core.internal.Bundles - 	Entry: D:\Software\sts-4.16.1.RELEASE\plugins\org.apache.commons.commons-codec_1.16.0.jar
2024-09-17 20:15:57,862 [Worker-28: Launching Executing install in D__Learn Code with Durgesh_Microservices_Design Pattern_Saga_Order-Service_Order-Service] INFO  o.eclipse.m2e.core.internal.Bundles - getClasspathEntries(Bundle=com.google.guava.failureaccess_1.0.2 [614])
2024-09-17 20:15:57,863 [Worker-28: Launching Executing install in D__Learn Code with Durgesh_Microservices_Design Pattern_Saga_Order-Service_Order-Service] INFO  o.eclipse.m2e.core.internal.Bundles - 	Entry: D:\Software\sts-4.16.1.RELEASE\plugins\com.google.guava.failureaccess_1.0.2.jar
2024-09-17 20:15:57,870 [Worker-28: Launching Executing install in D__Learn Code with Durgesh_Microservices_Design Pattern_Saga_Order-Service_Order-Service] INFO  o.e.m.i.launch.MavenLaunchDelegate - Run build in "D:\Learn Code with Durgesh\Microservices\Design Pattern\Saga\Order-Service\Order-Service":
2024-09-17 20:15:57,872 [Worker-28: Launching Executing install in D__Learn Code with Durgesh_Microservices_Design Pattern_Saga_Order-Service_Order-Service] INFO  o.e.m.i.launch.MavenLaunchDelegate -  mvn  -Ppom.xml -B -Dstyle.color=always install
2024-09-17 20:16:43,142 [Worker-27: Building] INFO  o.a.m.s.f.DefaultMavenResourcesFiltering - Copying 1 resource from src\main\resources to target\classes
2024-09-17 20:16:43,146 [Worker-27: Building] INFO  o.a.m.s.f.DefaultMavenResourcesFiltering - Copying 0 resource from src\main\resources to target\classes
2024-09-17 20:16:43,151 [Worker-27: Building] INFO  o.a.m.s.f.DefaultMavenResourcesFiltering - skip non existing resourceDirectory D:\Learn Code with Durgesh\Microservices\Design Pattern\Saga\Order-Service\Order-Service\src\test\resources
2024-09-17 20:34:35,184 [Worker-35: Building] INFO  o.a.m.s.f.DefaultMavenResourcesFiltering - Copying 1 resource from src\main\resources to target\classes
2024-09-17 20:34:35,291 [Worker-35: Building] INFO  o.a.m.s.f.DefaultMavenResourcesFiltering - Copying 0 resource from src\main\resources to target\classes
2024-09-17 20:34:35,297 [Worker-35: Building] INFO  o.a.m.s.f.DefaultMavenResourcesFiltering - skip non existing resourceDirectory D:\Learn Code with Durgesh\Microservices\Design Pattern\Saga\Order-Service\Order-Service\src\test\resources
2024-09-17 20:35:43,989 [Worker-33: Building] INFO  o.a.m.s.f.DefaultMavenResourcesFiltering - Copying 1 resource from src\main\resources to target\classes
2024-09-17 20:35:44,013 [Worker-33: Building] INFO  o.a.m.s.f.DefaultMavenResourcesFiltering - Copying 0 resource from src\main\resources to target\classes
2024-09-17 20:35:44,015 [Worker-33: Building] INFO  o.a.m.s.f.DefaultMavenResourcesFiltering - skip non existing resourceDirectory D:\Learn Code with Durgesh\Microservices\Design Pattern\Saga\Order-Service\Order-Service\src\test\resources
2024-09-17 20:35:57,462 [Worker-33: Building] INFO  o.a.m.s.f.DefaultMavenResourcesFiltering - Copying 1 resource from src\main\resources to target\classes
2024-09-17 20:35:57,528 [Worker-33: Building] INFO  o.a.m.s.f.DefaultMavenResourcesFiltering - Copying 0 resource from src\main\resources to target\classes
2024-09-17 20:35:57,530 [Worker-33: Building] INFO  o.a.m.s.f.DefaultMavenResourcesFiltering - skip non existing resourceDirectory D:\Learn Code with Durgesh\Microservices\Design Pattern\Saga\Order-Service\Order-Service\src\test\resources
2024-09-17 20:36:46,891 [Worker-35: Building] INFO  o.a.m.s.f.DefaultMavenResourcesFiltering - Copying 1 resource from src\main\resources to target\classes
2024-09-17 20:36:47,085 [Worker-35: Building] INFO  o.a.m.s.f.DefaultMavenResourcesFiltering - Copying 0 resource from src\main\resources to target\classes
2024-09-17 20:36:47,091 [Worker-35: Building] INFO  o.a.m.s.f.DefaultMavenResourcesFiltering - skip non existing resourceDirectory D:\Learn Code with Durgesh\Microservices\Design Pattern\Saga\Order-Service\Order-Service\src\test\resources
2024-09-17 20:37:00,112 [Worker-24: Building] INFO  o.a.m.s.f.DefaultMavenResourcesFiltering - Copying 1 resource from src\main\resources to target\classes
2024-09-17 20:37:00,145 [Worker-24: Building] INFO  o.a.m.s.f.DefaultMavenResourcesFiltering - Copying 0 resource from src\main\resources to target\classes
2024-09-17 20:37:00,150 [Worker-24: Building] INFO  o.a.m.s.f.DefaultMavenResourcesFiltering - skip non existing resourceDirectory D:\Learn Code with Durgesh\Microservices\Design Pattern\Saga\Order-Service\Order-Service\src\test\resources
2024-09-17 20:42:44,459 [Worker-32: Building] INFO  o.a.m.s.f.DefaultMavenResourcesFiltering - Copying 1 resource from src\main\resources to target\classes
2024-09-17 20:42:44,496 [Worker-32: Building] INFO  o.a.m.s.f.DefaultMavenResourcesFiltering - Copying 0 resource from src\main\resources to target\classes
2024-09-17 20:42:44,503 [Worker-32: Building] INFO  o.a.m.s.f.DefaultMavenResourcesFiltering - skip non existing resourceDirectory D:\Learn Code with Durgesh\Microservices\Design Pattern\Saga\Order-Service\Order-Service\src\test\resources
2024-09-17 20:43:18,051 [Worker-37: Building] INFO  o.a.m.s.f.DefaultMavenResourcesFiltering - Copying 1 resource from src\main\resources to target\classes
2024-09-17 20:43:18,230 [Worker-37: Building] INFO  o.a.m.s.f.DefaultMavenResourcesFiltering - Copying 0 resource from src\main\resources to target\classes
2024-09-17 20:43:18,234 [Worker-37: Building] INFO  o.a.m.s.f.DefaultMavenResourcesFiltering - skip non existing resourceDirectory D:\Learn Code with Durgesh\Microservices\Design Pattern\Saga\Order-Service\Order-Service\src\test\resources
2024-09-17 20:46:07,235 [Worker-42: Building] INFO  o.a.m.s.f.DefaultMavenResourcesFiltering - Copying 1 resource from src\main\resources to target\classes
2024-09-17 20:46:07,360 [Worker-42: Building] INFO  o.a.m.s.f.DefaultMavenResourcesFiltering - Copying 0 resource from src\main\resources to target\classes
2024-09-17 20:46:07,364 [Worker-42: Building] INFO  o.a.m.s.f.DefaultMavenResourcesFiltering - skip non existing resourceDirectory D:\Learn Code with Durgesh\Microservices\Design Pattern\Saga\Order-Service\Order-Service\src\test\resources
2024-09-17 20:46:17,442 [Worker-38: Building] INFO  o.a.m.s.f.DefaultMavenResourcesFiltering - Copying 1 resource from src\main\resources to target\classes
2024-09-17 20:46:17,585 [Worker-38: Building] INFO  o.a.m.s.f.DefaultMavenResourcesFiltering - Copying 0 resource from src\main\resources to target\classes
2024-09-17 20:46:17,588 [Worker-38: Building] INFO  o.a.m.s.f.DefaultMavenResourcesFiltering - skip non existing resourceDirectory D:\Learn Code with Durgesh\Microservices\Design Pattern\Saga\Order-Service\Order-Service\src\test\resources
2024-09-17 20:46:24,635 [Worker-37: Building] INFO  o.a.m.s.f.DefaultMavenResourcesFiltering - Copying 1 resource from src\main\resources to target\classes
2024-09-17 20:46:24,679 [Worker-37: Building] INFO  o.a.m.s.f.DefaultMavenResourcesFiltering - Copying 0 resource from src\main\resources to target\classes
2024-09-17 20:46:24,682 [Worker-37: Building] INFO  o.a.m.s.f.DefaultMavenResourcesFiltering - skip non existing resourceDirectory D:\Learn Code with Durgesh\Microservices\Design Pattern\Saga\Order-Service\Order-Service\src\test\resources
2024-09-17 20:46:49,878 [Worker-42: Building] INFO  o.a.m.s.f.DefaultMavenResourcesFiltering - Copying 1 resource from src\main\resources to target\classes
2024-09-17 20:46:49,884 [Worker-42: Building] INFO  o.a.m.s.f.DefaultMavenResourcesFiltering - Copying 0 resource from src\main\resources to target\classes
2024-09-17 20:46:49,886 [Worker-42: Building] INFO  o.a.m.s.f.DefaultMavenResourcesFiltering - skip non existing resourceDirectory D:\Learn Code with Durgesh\Microservices\Design Pattern\Saga\Order-Service\Order-Service\src\test\resources
2024-09-17 20:46:51,026 [Worker-41: Building] INFO  o.a.m.s.f.DefaultMavenResourcesFiltering - Copying 1 resource from src\main\resources to target\classes
2024-09-17 20:46:51,032 [Worker-41: Building] INFO  o.a.m.s.f.DefaultMavenResourcesFiltering - Copying 0 resource from src\main\resources to target\classes
2024-09-17 20:46:51,036 [Worker-41: Building] INFO  o.a.m.s.f.DefaultMavenResourcesFiltering - skip non existing resourceDirectory D:\Learn Code with Durgesh\Microservices\Design Pattern\Saga\Order-Service\Order-Service\src\test\resources
2024-09-17 20:47:00,118 [Worker-41: Building] INFO  o.a.m.s.f.DefaultMavenResourcesFiltering - Copying 1 resource from src\main\resources to target\classes
2024-09-17 20:47:00,151 [Worker-41: Building] INFO  o.a.m.s.f.DefaultMavenResourcesFiltering - Copying 0 resource from src\main\resources to target\classes
2024-09-17 20:47:00,153 [Worker-41: Building] INFO  o.a.m.s.f.DefaultMavenResourcesFiltering - skip non existing resourceDirectory D:\Learn Code with Durgesh\Microservices\Design Pattern\Saga\Order-Service\Order-Service\src\test\resources
2024-09-17 20:48:33,183 [Worker-44: Building] INFO  o.a.m.s.f.DefaultMavenResourcesFiltering - Copying 1 resource from src\main\resources to target\classes
2024-09-17 20:48:33,212 [Worker-44: Building] INFO  o.a.m.s.f.DefaultMavenResourcesFiltering - Copying 0 resource from src\main\resources to target\classes
2024-09-17 20:48:33,215 [Worker-44: Building] INFO  o.a.m.s.f.DefaultMavenResourcesFiltering - skip non existing resourceDirectory D:\Learn Code with Durgesh\Microservices\Design Pattern\Saga\Order-Service\Order-Service\src\test\resources
2024-09-17 20:48:52,975 [Worker-43: Building] INFO  o.a.m.s.f.DefaultMavenResourcesFiltering - Copying 1 resource from src\main\resources to target\classes
2024-09-17 20:48:53,034 [Worker-43: Building] INFO  o.a.m.s.f.DefaultMavenResourcesFiltering - Copying 0 resource from src\main\resources to target\classes
2024-09-17 20:48:53,038 [Worker-43: Building] INFO  o.a.m.s.f.DefaultMavenResourcesFiltering - skip non existing resourceDirectory D:\Learn Code with Durgesh\Microservices\Design Pattern\Saga\Order-Service\Order-Service\src\test\resources
2024-09-17 20:49:29,872 [Worker-40: Building] INFO  o.a.m.s.f.DefaultMavenResourcesFiltering - Copying 1 resource from src\main\resources to target\classes
2024-09-17 20:49:29,884 [Worker-40: Building] INFO  o.a.m.s.f.DefaultMavenResourcesFiltering - Copying 0 resource from src\main\resources to target\classes
2024-09-17 20:49:29,887 [Worker-40: Building] INFO  o.a.m.s.f.DefaultMavenResourcesFiltering - skip non existing resourceDirectory D:\Learn Code with Durgesh\Microservices\Design Pattern\Saga\Order-Service\Order-Service\src\test\resources
2024-09-17 20:49:42,831 [Worker-41: Building] INFO  o.a.m.s.f.DefaultMavenResourcesFiltering - Copying 1 resource from src\main\resources to target\classes
2024-09-17 20:49:42,853 [Worker-41: Building] INFO  o.a.m.s.f.DefaultMavenResourcesFiltering - Copying 0 resource from src\main\resources to target\classes
2024-09-17 20:49:42,856 [Worker-41: Building] INFO  o.a.m.s.f.DefaultMavenResourcesFiltering - skip non existing resourceDirectory D:\Learn Code with Durgesh\Microservices\Design Pattern\Saga\Order-Service\Order-Service\src\test\resources
2024-09-17 20:49:46,212 [Worker-42: Building] INFO  o.a.m.s.f.DefaultMavenResourcesFiltering - Copying 1 resource from src\main\resources to target\classes
2024-09-17 20:49:46,328 [Worker-42: Building] INFO  o.a.m.s.f.DefaultMavenResourcesFiltering - Copying 0 resource from src\main\resources to target\classes
2024-09-17 20:49:46,331 [Worker-42: Building] INFO  o.a.m.s.f.DefaultMavenResourcesFiltering - skip non existing resourceDirectory D:\Learn Code with Durgesh\Microservices\Design Pattern\Saga\Order-Service\Order-Service\src\test\resources
2024-09-17 20:51:04,978 [Worker-38: Building] INFO  o.a.m.s.f.DefaultMavenResourcesFiltering - Copying 1 resource from src\main\resources to target\classes
2024-09-17 20:51:04,984 [Worker-38: Building] INFO  o.a.m.s.f.DefaultMavenResourcesFiltering - Copying 0 resource from src\main\resources to target\classes
2024-09-17 20:51:04,987 [Worker-38: Building] INFO  o.a.m.s.f.DefaultMavenResourcesFiltering - skip non existing resourceDirectory D:\Learn Code with Durgesh\Microservices\Design Pattern\Saga\Order-Service\Order-Service\src\test\resources
2024-09-17 20:51:53,318 [Worker-40: Building] INFO  o.a.m.s.f.DefaultMavenResourcesFiltering - Copying 1 resource from src\main\resources to target\classes
2024-09-17 20:51:53,349 [Worker-40: Building] INFO  o.a.m.s.f.DefaultMavenResourcesFiltering - Copying 0 resource from src\main\resources to target\classes
2024-09-17 20:51:53,353 [Worker-40: Building] INFO  o.a.m.s.f.DefaultMavenResourcesFiltering - skip non existing resourceDirectory D:\Learn Code with Durgesh\Microservices\Design Pattern\Saga\Order-Service\Order-Service\src\test\resources
2024-09-17 20:56:43,766 [Worker-48: Building] INFO  o.a.m.s.f.DefaultMavenResourcesFiltering - Copying 1 resource from src\main\resources to target\classes
2024-09-17 20:56:43,782 [Worker-48: Building] INFO  o.a.m.s.f.DefaultMavenResourcesFiltering - Copying 0 resource from src\main\resources to target\classes
2024-09-17 20:56:43,785 [Worker-48: Building] INFO  o.a.m.s.f.DefaultMavenResourcesFiltering - skip non existing resourceDirectory D:\Learn Code with Durgesh\Microservices\Design Pattern\Saga\Order-Service\Order-Service\src\test\resources
2024-09-17 20:56:49,659 [Worker-48: Building] INFO  o.a.m.s.f.DefaultMavenResourcesFiltering - Copying 1 resource from src\main\resources to target\classes
2024-09-17 20:56:49,665 [Worker-48: Building] INFO  o.a.m.s.f.DefaultMavenResourcesFiltering - Copying 0 resource from src\main\resources to target\classes
2024-09-17 20:56:49,668 [Worker-48: Building] INFO  o.a.m.s.f.DefaultMavenResourcesFiltering - skip non existing resourceDirectory D:\Learn Code with Durgesh\Microservices\Design Pattern\Saga\Order-Service\Order-Service\src\test\resources
2024-09-17 20:57:34,622 [Worker-47: Building] INFO  o.a.m.s.f.DefaultMavenResourcesFiltering - Copying 1 resource from src\main\resources to target\classes
2024-09-17 20:57:34,640 [Worker-47: Building] INFO  o.a.m.s.f.DefaultMavenResourcesFiltering - Copying 0 resource from src\main\resources to target\classes
2024-09-17 20:57:34,643 [Worker-47: Building] INFO  o.a.m.s.f.DefaultMavenResourcesFiltering - skip non existing resourceDirectory D:\Learn Code with Durgesh\Microservices\Design Pattern\Saga\Order-Service\Order-Service\src\test\resources
2024-09-17 20:59:17,170 [Worker-50: Building] INFO  o.a.m.s.f.DefaultMavenResourcesFiltering - Copying 1 resource from src\main\resources to target\classes
2024-09-17 20:59:17,202 [Worker-50: Building] INFO  o.a.m.s.f.DefaultMavenResourcesFiltering - Copying 0 resource from src\main\resources to target\classes
2024-09-17 20:59:17,204 [Worker-50: Building] INFO  o.a.m.s.f.DefaultMavenResourcesFiltering - skip non existing resourceDirectory D:\Learn Code with Durgesh\Microservices\Design Pattern\Saga\Order-Service\Order-Service\src\test\resources
2024-09-17 20:59:49,107 [Worker-50: Building] INFO  o.a.m.s.f.DefaultMavenResourcesFiltering - Copying 1 resource from src\main\resources to target\classes
2024-09-17 20:59:49,163 [Worker-50: Building] INFO  o.a.m.s.f.DefaultMavenResourcesFiltering - Copying 0 resource from src\main\resources to target\classes
2024-09-17 20:59:49,166 [Worker-50: Building] INFO  o.a.m.s.f.DefaultMavenResourcesFiltering - skip non existing resourceDirectory D:\Learn Code with Durgesh\Microservices\Design Pattern\Saga\Order-Service\Order-Service\src\test\resources
2024-09-17 20:59:49,616 [Worker-51: Building] INFO  o.a.m.s.f.DefaultMavenResourcesFiltering - Copying 1 resource from src\main\resources to target\classes
2024-09-17 20:59:49,663 [Worker-51: Building] INFO  o.a.m.s.f.DefaultMavenResourcesFiltering - Copying 0 resource from src\main\resources to target\classes
2024-09-17 20:59:49,669 [Worker-51: Building] INFO  o.a.m.s.f.DefaultMavenResourcesFiltering - skip non existing resourceDirectory D:\Learn Code with Durgesh\Microservices\Design Pattern\Saga\Order-Service\Order-Service\src\test\resources
2024-09-17 21:00:17,404 [Worker-50: Building] INFO  o.a.m.s.f.DefaultMavenResourcesFiltering - Copying 1 resource from src\main\resources to target\classes
2024-09-17 21:00:17,418 [Worker-50: Building] INFO  o.a.m.s.f.DefaultMavenResourcesFiltering - Copying 0 resource from src\main\resources to target\classes
2024-09-17 21:00:17,420 [Worker-50: Building] INFO  o.a.m.s.f.DefaultMavenResourcesFiltering - skip non existing resourceDirectory D:\Learn Code with Durgesh\Microservices\Design Pattern\Saga\Order-Service\Order-Service\src\test\resources
2024-09-17 21:02:32,828 [Worker-55: Building] INFO  o.a.m.s.f.DefaultMavenResourcesFiltering - Copying 1 resource from src\main\resources to target\classes
2024-09-17 21:02:32,835 [Worker-55: Building] INFO  o.a.m.s.f.DefaultMavenResourcesFiltering - Copying 0 resource from src\main\resources to target\classes
2024-09-17 21:02:32,839 [Worker-55: Building] INFO  o.a.m.s.f.DefaultMavenResourcesFiltering - skip non existing resourceDirectory D:\Learn Code with Durgesh\Microservices\Design Pattern\Saga\Order-Service\Order-Service\src\test\resources
2024-09-17 21:02:47,638 [Worker-54: Building] INFO  o.a.m.s.f.DefaultMavenResourcesFiltering - Copying 1 resource from src\main\resources to target\classes
2024-09-17 21:02:47,644 [Worker-54: Building] INFO  o.a.m.s.f.DefaultMavenResourcesFiltering - Copying 0 resource from src\main\resources to target\classes
2024-09-17 21:02:47,647 [Worker-54: Building] INFO  o.a.m.s.f.DefaultMavenResourcesFiltering - skip non existing resourceDirectory D:\Learn Code with Durgesh\Microservices\Design Pattern\Saga\Order-Service\Order-Service\src\test\resources
2024-09-17 21:03:32,413 [Worker-55: Building] INFO  o.a.m.s.f.DefaultMavenResourcesFiltering - Copying 1 resource from src\main\resources to target\classes
2024-09-17 21:03:32,454 [Worker-55: Building] INFO  o.a.m.s.f.DefaultMavenResourcesFiltering - Copying 0 resource from src\main\resources to target\classes
2024-09-17 21:03:32,459 [Worker-55: Building] INFO  o.a.m.s.f.DefaultMavenResourcesFiltering - skip non existing resourceDirectory D:\Learn Code with Durgesh\Microservices\Design Pattern\Saga\Order-Service\Order-Service\src\test\resources
2024-09-17 21:04:47,854 [Worker-57: Building] INFO  o.a.m.s.f.DefaultMavenResourcesFiltering - Copying 2 resources from src\main\resources to target\classes
2024-09-17 21:04:48,009 [Worker-57: Building] INFO  o.a.m.s.f.DefaultMavenResourcesFiltering - Copying 0 resource from src\main\resources to target\classes
2024-09-17 21:04:48,013 [Worker-57: Building] INFO  o.a.m.s.f.DefaultMavenResourcesFiltering - skip non existing resourceDirectory D:\Learn Code with Durgesh\Microservices\Design Pattern\Saga\Order-Service\Order-Service\src\test\resources
2024-09-17 21:05:19,324 [Worker-37: Building] INFO  o.a.m.s.f.DefaultMavenResourcesFiltering - Copying 2 resources from src\main\resources to target\classes
2024-09-17 21:05:19,561 [Worker-37: Building] INFO  o.a.m.s.f.DefaultMavenResourcesFiltering - Copying 0 resource from src\main\resources to target\classes
2024-09-17 21:05:19,568 [Worker-37: Building] INFO  o.a.m.s.f.DefaultMavenResourcesFiltering - skip non existing resourceDirectory D:\Learn Code with Durgesh\Microservices\Design Pattern\Saga\Order-Service\Order-Service\src\test\resources
2024-09-17 21:06:00,420 [Worker-56: Building] INFO  o.a.m.s.f.DefaultMavenResourcesFiltering - Copying 2 resources from src\main\resources to target\classes
2024-09-17 21:06:00,428 [Worker-56: Building] INFO  o.a.m.s.f.DefaultMavenResourcesFiltering - Copying 0 resource from src\main\resources to target\classes
2024-09-17 21:06:00,432 [Worker-56: Building] INFO  o.a.m.s.f.DefaultMavenResourcesFiltering - skip non existing resourceDirectory D:\Learn Code with Durgesh\Microservices\Design Pattern\Saga\Order-Service\Order-Service\src\test\resources
2024-09-17 21:06:04,113 [Worker-53: Building] INFO  o.a.m.s.f.DefaultMavenResourcesFiltering - Copying 2 resources from src\main\resources to target\classes
2024-09-17 21:06:04,120 [Worker-53: Building] INFO  o.a.m.s.f.DefaultMavenResourcesFiltering - Copying 0 resource from src\main\resources to target\classes
2024-09-17 21:06:04,122 [Worker-53: Building] INFO  o.a.m.s.f.DefaultMavenResourcesFiltering - skip non existing resourceDirectory D:\Learn Code with Durgesh\Microservices\Design Pattern\Saga\Order-Service\Order-Service\src\test\resources
2024-09-17 21:09:21,381 [Worker-53: Building] INFO  o.a.m.s.f.DefaultMavenResourcesFiltering - Copying 2 resources from src\main\resources to target\classes
2024-09-17 21:09:21,449 [Worker-53: Building] INFO  o.a.m.s.f.DefaultMavenResourcesFiltering - Copying 0 resource from src\main\resources to target\classes
2024-09-17 21:09:21,454 [Worker-53: Building] INFO  o.a.m.s.f.DefaultMavenResourcesFiltering - skip non existing resourceDirectory D:\Learn Code with Durgesh\Microservices\Design Pattern\Saga\Order-Service\Order-Service\src\test\resources
2024-09-17 21:10:47,298 [Worker-59: Building] INFO  o.a.m.s.f.DefaultMavenResourcesFiltering - Copying 2 resources from src\main\resources to target\classes
2024-09-17 21:10:47,322 [Worker-59: Building] INFO  o.a.m.s.f.DefaultMavenResourcesFiltering - Copying 0 resource from src\main\resources to target\classes
2024-09-17 21:10:47,326 [Worker-59: Building] INFO  o.a.m.s.f.DefaultMavenResourcesFiltering - skip non existing resourceDirectory D:\Learn Code with Durgesh\Microservices\Design Pattern\Saga\Order-Service\Order-Service\src\test\resources
2024-09-17 21:11:16,980 [Worker-56: Building] INFO  o.a.m.s.f.DefaultMavenResourcesFiltering - Copying 2 resources from src\main\resources to target\classes
2024-09-17 21:11:17,080 [Worker-56: Building] INFO  o.a.m.s.f.DefaultMavenResourcesFiltering - Copying 0 resource from src\main\resources to target\classes
2024-09-17 21:11:17,082 [Worker-56: Building] INFO  o.a.m.s.f.DefaultMavenResourcesFiltering - skip non existing resourceDirectory D:\Learn Code with Durgesh\Microservices\Design Pattern\Saga\Order-Service\Order-Service\src\test\resources
2024-09-17 21:11:40,196 [Worker-54: Building] INFO  o.a.m.s.f.DefaultMavenResourcesFiltering - Copying 2 resources from src\main\resources to target\classes
2024-09-17 21:11:40,224 [Worker-54: Building] INFO  o.a.m.s.f.DefaultMavenResourcesFiltering - Copying 0 resource from src\main\resources to target\classes
2024-09-17 21:11:40,231 [Worker-54: Building] INFO  o.a.m.s.f.DefaultMavenResourcesFiltering - skip non existing resourceDirectory D:\Learn Code with Durgesh\Microservices\Design Pattern\Saga\Order-Service\Order-Service\src\test\resources
2024-09-17 21:12:04,660 [Worker-56: Building] INFO  o.a.m.s.f.DefaultMavenResourcesFiltering - Copying 2 resources from src\main\resources to target\classes
2024-09-17 21:12:04,672 [Worker-56: Building] INFO  o.a.m.s.f.DefaultMavenResourcesFiltering - Copying 0 resource from src\main\resources to target\classes
2024-09-17 21:12:04,674 [Worker-56: Building] INFO  o.a.m.s.f.DefaultMavenResourcesFiltering - skip non existing resourceDirectory D:\Learn Code with Durgesh\Microservices\Design Pattern\Saga\Order-Service\Order-Service\src\test\resources
2024-09-17 21:12:23,324 [Worker-56: Building] INFO  o.a.m.s.f.DefaultMavenResourcesFiltering - Copying 2 resources from src\main\resources to target\classes
2024-09-17 21:12:23,337 [Worker-56: Building] INFO  o.a.m.s.f.DefaultMavenResourcesFiltering - Copying 0 resource from src\main\resources to target\classes
2024-09-17 21:12:23,341 [Worker-56: Building] INFO  o.a.m.s.f.DefaultMavenResourcesFiltering - skip non existing resourceDirectory D:\Learn Code with Durgesh\Microservices\Design Pattern\Saga\Order-Service\Order-Service\src\test\resources
2024-09-17 21:12:56,790 [Worker-60: Building] INFO  o.a.m.s.f.DefaultMavenResourcesFiltering - Copying 2 resources from src\main\resources to target\classes
2024-09-17 21:12:56,804 [Worker-60: Building] INFO  o.a.m.s.f.DefaultMavenResourcesFiltering - Copying 0 resource from src\main\resources to target\classes
2024-09-17 21:12:56,807 [Worker-60: Building] INFO  o.a.m.s.f.DefaultMavenResourcesFiltering - skip non existing resourceDirectory D:\Learn Code with Durgesh\Microservices\Design Pattern\Saga\Order-Service\Order-Service\src\test\resources
2024-09-17 21:14:12,737 [Worker-59: Building] INFO  o.a.m.s.f.DefaultMavenResourcesFiltering - Copying 2 resources from src\main\resources to target\classes
2024-09-17 21:14:12,758 [Worker-59: Building] INFO  o.a.m.s.f.DefaultMavenResourcesFiltering - Copying 0 resource from src\main\resources to target\classes
2024-09-17 21:14:12,762 [Worker-59: Building] INFO  o.a.m.s.f.DefaultMavenResourcesFiltering - skip non existing resourceDirectory D:\Learn Code with Durgesh\Microservices\Design Pattern\Saga\Order-Service\Order-Service\src\test\resources
2024-09-17 21:14:30,772 [Worker-60: Building] INFO  o.a.m.s.f.DefaultMavenResourcesFiltering - Copying 2 resources from src\main\resources to target\classes
2024-09-17 21:14:30,786 [Worker-60: Building] INFO  o.a.m.s.f.DefaultMavenResourcesFiltering - Copying 0 resource from src\main\resources to target\classes
2024-09-17 21:14:30,792 [Worker-60: Building] INFO  o.a.m.s.f.DefaultMavenResourcesFiltering - skip non existing resourceDirectory D:\Learn Code with Durgesh\Microservices\Design Pattern\Saga\Order-Service\Order-Service\src\test\resources
2024-09-17 21:14:33,897 [Worker-54: Building] INFO  o.a.m.s.f.DefaultMavenResourcesFiltering - Copying 2 resources from src\main\resources to target\classes
2024-09-17 21:14:33,906 [Worker-54: Building] INFO  o.a.m.s.f.DefaultMavenResourcesFiltering - Copying 0 resource from src\main\resources to target\classes
2024-09-17 21:14:33,908 [Worker-54: Building] INFO  o.a.m.s.f.DefaultMavenResourcesFiltering - skip non existing resourceDirectory D:\Learn Code with Durgesh\Microservices\Design Pattern\Saga\Order-Service\Order-Service\src\test\resources
2024-09-17 21:15:09,432 [Worker-56: Building] INFO  o.a.m.s.f.DefaultMavenResourcesFiltering - Copying 2 resources from src\main\resources to target\classes
2024-09-17 21:15:09,445 [Worker-56: Building] INFO  o.a.m.s.f.DefaultMavenResourcesFiltering - Copying 0 resource from src\main\resources to target\classes
2024-09-17 21:15:09,455 [Worker-56: Building] INFO  o.a.m.s.f.DefaultMavenResourcesFiltering - skip non existing resourceDirectory D:\Learn Code with Durgesh\Microservices\Design Pattern\Saga\Order-Service\Order-Service\src\test\resources
2024-09-17 21:16:27,826 [Worker-60: Building] INFO  o.a.m.s.f.DefaultMavenResourcesFiltering - Copying 2 resources from src\main\resources to target\classes
2024-09-17 21:16:27,867 [Worker-60: Building] INFO  o.a.m.s.f.DefaultMavenResourcesFiltering - Copying 0 resource from src\main\resources to target\classes
2024-09-17 21:16:27,869 [Worker-60: Building] INFO  o.a.m.s.f.DefaultMavenResourcesFiltering - skip non existing resourceDirectory D:\Learn Code with Durgesh\Microservices\Design Pattern\Saga\Order-Service\Order-Service\src\test\resources
2024-09-17 21:16:44,190 [Worker-64: Building] INFO  o.a.m.s.f.DefaultMavenResourcesFiltering - Copying 2 resources from src\main\resources to target\classes
2024-09-17 21:16:44,217 [Worker-64: Building] INFO  o.a.m.s.f.DefaultMavenResourcesFiltering - Copying 0 resource from src\main\resources to target\classes
2024-09-17 21:16:44,219 [Worker-64: Building] INFO  o.a.m.s.f.DefaultMavenResourcesFiltering - skip non existing resourceDirectory D:\Learn Code with Durgesh\Microservices\Design Pattern\Saga\Order-Service\Order-Service\src\test\resources
2024-09-19 19:50:44,461 [Worker-0: Loading available Gradle versions] INFO  o.e.b.c.i.u.g.PublishedGradleVersions - Gradle version information cache is up-to-date. Trying to read.
2024-09-19 20:56:27,467 [Worker-15: Building] INFO  o.a.m.s.f.DefaultMavenResourcesFiltering - Copying 2 resources from src\main\resources to target\classes
2024-09-19 20:56:27,606 [Worker-15: Building] INFO  o.a.m.s.f.DefaultMavenResourcesFiltering - Copying 0 resource from src\main\resources to target\classes
2024-09-19 20:56:27,617 [Worker-15: Building] INFO  o.a.m.s.f.DefaultMavenResourcesFiltering - skip non existing resourceDirectory D:\Learn Code with Durgesh\Microservices\Design Pattern\Saga\Order-Service\Order-Service\src\test\resources
