2024-09-17 19:47:21,873 [Worker-0: Loading available Gradle versions] INFO  o.e.b.c.i.u.g.PublishedGradleVersions - Gradle version information cache is up-to-date. Trying to read.
2024-09-17 19:56:16,746 [Worker-2: Import Getting Started Content] INFO  o.e.m.c.i.l.LifecycleMappingFactory - Using org.eclipse.m2e.jdt.JarLifecycleMapping lifecycle mapping for MavenProject: com.durgesh.learn:Payment-Service:0.0.1-SNAPSHOT @ D:\Learn Code with Durgesh\Microservices\Design Pattern\Saga\Payment Service\Payment-Service\pom.xml.
2024-09-17 19:56:33,840 [Worker-2: Import Getting Started Content] INFO  o.e.m.j.i.AbstractJavaProjectConfigurator - Adding source folder /Payment-Service/src/main/java
2024-09-17 19:56:33,852 [Worker-2: Import Getting Started Content] INFO  o.e.m.j.i.AbstractJavaProjectConfigurator - Adding resource folder /Payment-Service/src/main/resources
2024-09-17 19:56:33,872 [Worker-2: Import Getting Started Content] INFO  o.e.m.j.i.AbstractJavaProjectConfigurator - Adding resource folder /Payment-Service/src/main/resources
2024-09-17 19:56:33,893 [Worker-2: Import Getting Started Content] INFO  o.e.m.j.i.AbstractJavaProjectConfigurator - Adding source folder /Payment-Service/src/test/java
2024-09-17 19:56:33,897 [Worker-2: Import Getting Started Content] INFO  o.e.m.j.i.AbstractJavaProjectConfigurator - Adding resource folder /Payment-Service/src/test/resources
2024-09-17 19:56:39,495 [Worker-2: Import Getting Started Content] INFO  o.e.m.c.i.p.ProjectConfigurationManager - Imported and configured 1 project(s) in 30 sec
2024-09-17 19:56:39,507 [Worker-2: Import Getting Started Content] INFO  o.e.m.c.i.p.ProjectConfigurationManager - Update started
2024-09-17 19:56:41,560 [Worker-2: Import Getting Started Content] INFO  o.e.m.c.i.l.LifecycleMappingFactory - Using org.eclipse.m2e.jdt.JarLifecycleMapping lifecycle mapping for MavenProject: com.durgesh.learn:Payment-Service:0.0.1-SNAPSHOT @ D:\Learn Code with Durgesh\Microservices\Design Pattern\Saga\Payment Service\Payment-Service\pom.xml.
2024-09-17 19:56:47,626 [Worker-2: Import Getting Started Content] INFO  o.e.m.j.i.AbstractJavaProjectConfigurator - Adding source folder /Payment-Service/src/main/java
2024-09-17 19:56:47,642 [Worker-2: Import Getting Started Content] INFO  o.e.m.j.i.AbstractJavaProjectConfigurator - Adding resource folder /Payment-Service/src/main/resources
2024-09-17 19:56:47,642 [Worker-2: Import Getting Started Content] INFO  o.e.m.j.i.AbstractJavaProjectConfigurator - Adding resource folder /Payment-Service/src/main/resources
2024-09-17 19:56:47,642 [Worker-2: Import Getting Started Content] INFO  o.e.m.j.i.AbstractJavaProjectConfigurator - Adding source folder /Payment-Service/src/test/java
2024-09-17 19:56:47,642 [Worker-2: Import Getting Started Content] INFO  o.e.m.j.i.AbstractJavaProjectConfigurator - Adding resource folder /Payment-Service/src/test/resources
2024-09-17 19:56:54,133 [Worker-2: Import Getting Started Content] INFO  o.e.m.c.i.p.ProjectConfigurationManager - Update completed for 1 poms: local refresh takes 0.00 sec, refresh facades takes 7.00 sec, update config takes 3.00 sec 
2024-09-17 19:56:54,326 [Worker-14: Updating Maven Project] INFO  o.e.m.c.i.p.ProjectConfigurationManager - Update started
2024-09-17 19:56:56,318 [Worker-14: Updating Maven Project] INFO  o.e.m.c.i.l.LifecycleMappingFactory - Using org.eclipse.m2e.jdt.JarLifecycleMapping lifecycle mapping for MavenProject: com.durgesh.learn:Payment-Service:0.0.1-SNAPSHOT @ D:\Learn Code with Durgesh\Microservices\Design Pattern\Saga\Payment Service\Payment-Service\pom.xml.
2024-09-17 19:57:03,227 [Worker-14: Updating Maven Project] INFO  o.e.m.j.i.AbstractJavaProjectConfigurator - Adding source folder /Payment-Service/src/main/java
2024-09-17 19:57:03,232 [Worker-14: Updating Maven Project] INFO  o.e.m.j.i.AbstractJavaProjectConfigurator - Adding resource folder /Payment-Service/src/main/resources
2024-09-17 19:57:03,235 [Worker-14: Updating Maven Project] INFO  o.e.m.j.i.AbstractJavaProjectConfigurator - Adding resource folder /Payment-Service/src/main/resources
2024-09-17 19:57:03,237 [Worker-14: Updating Maven Project] INFO  o.e.m.j.i.AbstractJavaProjectConfigurator - Adding source folder /Payment-Service/src/test/java
2024-09-17 19:57:03,240 [Worker-14: Updating Maven Project] INFO  o.e.m.j.i.AbstractJavaProjectConfigurator - Adding resource folder /Payment-Service/src/test/resources
2024-09-17 19:57:07,212 [Worker-14: Updating Maven Project] INFO  o.e.m.c.i.p.ProjectConfigurationManager - Update completed for 1 poms: local refresh takes 0.00 sec, refresh facades takes 8.00 sec, update config takes 3.00 sec 
2024-09-17 19:57:11,730 [Worker-15: Building] INFO  o.a.m.s.f.DefaultMavenResourcesFiltering - Copying 1 resource from src\main\resources to target\classes
2024-09-17 19:57:11,780 [Worker-15: Building] INFO  o.a.m.s.f.DefaultMavenResourcesFiltering - Copying 0 resource from src\main\resources to target\classes
2024-09-17 19:57:11,791 [Worker-15: Building] INFO  o.a.m.s.f.DefaultMavenResourcesFiltering - skip non existing resourceDirectory D:\Learn Code with Durgesh\Microservices\Design Pattern\Saga\Payment Service\Payment-Service\src\test\resources
2024-09-17 20:05:00,320 [Worker-18: Building] INFO  o.a.m.s.f.DefaultMavenResourcesFiltering - Copying 1 resource from src\main\resources to target\classes
2024-09-17 20:05:00,527 [Worker-18: Building] INFO  o.a.m.s.f.DefaultMavenResourcesFiltering - Copying 0 resource from src\main\resources to target\classes
2024-09-17 20:05:00,541 [Worker-18: Building] INFO  o.a.m.s.f.DefaultMavenResourcesFiltering - skip non existing resourceDirectory D:\Learn Code with Durgesh\Microservices\Design Pattern\Saga\Payment Service\Payment-Service\src\test\resources
2024-09-17 20:12:07,820 [Worker-2: Building] INFO  o.a.m.s.f.DefaultMavenResourcesFiltering - Copying 1 resource from src\main\resources to target\classes
2024-09-17 20:12:07,908 [Worker-2: Building] INFO  o.a.m.s.f.DefaultMavenResourcesFiltering - Copying 0 resource from src\main\resources to target\classes
2024-09-17 20:12:07,936 [Worker-2: Building] INFO  o.a.m.s.f.DefaultMavenResourcesFiltering - skip non existing resourceDirectory D:\Learn Code with Durgesh\Microservices\Design Pattern\Saga\Payment Service\Payment-Service\src\test\resources
2024-09-17 20:15:37,732 [Worker-25: Building] INFO  o.a.m.s.f.DefaultMavenResourcesFiltering - Copying 1 resource from src\main\resources to target\classes
2024-09-17 20:15:37,837 [Worker-25: Building] INFO  o.a.m.s.f.DefaultMavenResourcesFiltering - Copying 0 resource from src\main\resources to target\classes
2024-09-17 20:15:37,844 [Worker-25: Building] INFO  o.a.m.s.f.DefaultMavenResourcesFiltering - skip non existing resourceDirectory D:\Learn Code with Durgesh\Microservices\Design Pattern\Saga\Payment Service\Payment-Service\src\test\resources
2024-09-17 20:15:48,860 [Worker-23: Launching Executing install in D__Learn Code with Durgesh_Microservices_Design Pattern_Saga_Payment Service_Payment-Service] INFO  o.eclipse.m2e.core.internal.Bundles - getClasspathEntries(Bundle=org.eclipse.m2e.maven.runtime_3.9.900.20240824-1409 [919])
2024-09-17 20:15:48,867 [Worker-23: Launching Executing install in D__Learn Code with Durgesh_Microservices_Design Pattern_Saga_Payment Service_Payment-Service] INFO  o.eclipse.m2e.core.internal.Bundles - 	Entry: D:\Software\sts-4.16.1.RELEASE\plugins\org.eclipse.m2e.maven.runtime_3.9.900.20240824-1409
2024-09-17 20:15:48,869 [Worker-23: Launching Executing install in D__Learn Code with Durgesh_Microservices_Design Pattern_Saga_Payment Service_Payment-Service] INFO  o.eclipse.m2e.core.internal.Bundles - 	Entry: D:\Software\sts-4.16.1.RELEASE\plugins\org.eclipse.m2e.maven.runtime_3.9.900.20240824-1409\jars\aopalliance-1.0.jar
2024-09-17 20:15:48,869 [Worker-23: Launching Executing install in D__Learn Code with Durgesh_Microservices_Design Pattern_Saga_Payment Service_Payment-Service] INFO  o.eclipse.m2e.core.internal.Bundles - 	Entry: D:\Software\sts-4.16.1.RELEASE\plugins\org.eclipse.m2e.maven.runtime_3.9.900.20240824-1409\jars\guice-5.1.0.jar
2024-09-17 20:15:48,869 [Worker-23: Launching Executing install in D__Learn Code with Durgesh_Microservices_Design Pattern_Saga_Payment Service_Payment-Service] INFO  o.eclipse.m2e.core.internal.Bundles - 	Entry: D:\Software\sts-4.16.1.RELEASE\plugins\org.eclipse.m2e.maven.runtime_3.9.900.20240824-1409\jars\httpclient-4.5.14.jar
2024-09-17 20:15:48,870 [Worker-23: Launching Executing install in D__Learn Code with Durgesh_Microservices_Design Pattern_Saga_Payment Service_Payment-Service] INFO  o.eclipse.m2e.core.internal.Bundles - 	Entry: D:\Software\sts-4.16.1.RELEASE\plugins\org.eclipse.m2e.maven.runtime_3.9.900.20240824-1409\jars\httpcore-4.4.16.jar
2024-09-17 20:15:48,870 [Worker-23: Launching Executing install in D__Learn Code with Durgesh_Microservices_Design Pattern_Saga_Payment Service_Payment-Service] INFO  o.eclipse.m2e.core.internal.Bundles - 	Entry: D:\Software\sts-4.16.1.RELEASE\plugins\org.eclipse.m2e.maven.runtime_3.9.900.20240824-1409\jars\jansi-2.4.1.jar
2024-09-17 20:15:48,870 [Worker-23: Launching Executing install in D__Learn Code with Durgesh_Microservices_Design Pattern_Saga_Payment Service_Payment-Service] INFO  o.eclipse.m2e.core.internal.Bundles - 	Entry: D:\Software\sts-4.16.1.RELEASE\plugins\org.eclipse.m2e.maven.runtime_3.9.900.20240824-1409\jars\jcl-over-slf4j-1.7.36.jar
2024-09-17 20:15:48,870 [Worker-23: Launching Executing install in D__Learn Code with Durgesh_Microservices_Design Pattern_Saga_Payment Service_Payment-Service] INFO  o.eclipse.m2e.core.internal.Bundles - 	Entry: D:\Software\sts-4.16.1.RELEASE\plugins\org.eclipse.m2e.maven.runtime_3.9.900.20240824-1409\jars\maven-artifact-3.9.9.jar
2024-09-17 20:15:48,871 [Worker-23: Launching Executing install in D__Learn Code with Durgesh_Microservices_Design Pattern_Saga_Payment Service_Payment-Service] INFO  o.eclipse.m2e.core.internal.Bundles - 	Entry: D:\Software\sts-4.16.1.RELEASE\plugins\org.eclipse.m2e.maven.runtime_3.9.900.20240824-1409\jars\maven-builder-support-3.9.9.jar
2024-09-17 20:15:48,871 [Worker-23: Launching Executing install in D__Learn Code with Durgesh_Microservices_Design Pattern_Saga_Payment Service_Payment-Service] INFO  o.eclipse.m2e.core.internal.Bundles - 	Entry: D:\Software\sts-4.16.1.RELEASE\plugins\org.eclipse.m2e.maven.runtime_3.9.900.20240824-1409\jars\maven-compat-3.9.9.jar
2024-09-17 20:15:48,871 [Worker-23: Launching Executing install in D__Learn Code with Durgesh_Microservices_Design Pattern_Saga_Payment Service_Payment-Service] INFO  o.eclipse.m2e.core.internal.Bundles - 	Entry: D:\Software\sts-4.16.1.RELEASE\plugins\org.eclipse.m2e.maven.runtime_3.9.900.20240824-1409\jars\maven-core-3.9.9.jar
2024-09-17 20:15:48,871 [Worker-23: Launching Executing install in D__Learn Code with Durgesh_Microservices_Design Pattern_Saga_Payment Service_Payment-Service] INFO  o.eclipse.m2e.core.internal.Bundles - 	Entry: D:\Software\sts-4.16.1.RELEASE\plugins\org.eclipse.m2e.maven.runtime_3.9.900.20240824-1409\jars\maven-embedder-3.9.9.jar
2024-09-17 20:15:48,871 [Worker-23: Launching Executing install in D__Learn Code with Durgesh_Microservices_Design Pattern_Saga_Payment Service_Payment-Service] INFO  o.eclipse.m2e.core.internal.Bundles - 	Entry: D:\Software\sts-4.16.1.RELEASE\plugins\org.eclipse.m2e.maven.runtime_3.9.900.20240824-1409\jars\maven-model-3.9.9.jar
2024-09-17 20:15:48,871 [Worker-23: Launching Executing install in D__Learn Code with Durgesh_Microservices_Design Pattern_Saga_Payment Service_Payment-Service] INFO  o.eclipse.m2e.core.internal.Bundles - 	Entry: D:\Software\sts-4.16.1.RELEASE\plugins\org.eclipse.m2e.maven.runtime_3.9.900.20240824-1409\jars\maven-model-builder-3.9.9.jar
2024-09-17 20:15:48,871 [Worker-23: Launching Executing install in D__Learn Code with Durgesh_Microservices_Design Pattern_Saga_Payment Service_Payment-Service] INFO  o.eclipse.m2e.core.internal.Bundles - 	Entry: D:\Software\sts-4.16.1.RELEASE\plugins\org.eclipse.m2e.maven.runtime_3.9.900.20240824-1409\jars\maven-plugin-api-3.9.9.jar
2024-09-17 20:15:48,871 [Worker-23: Launching Executing install in D__Learn Code with Durgesh_Microservices_Design Pattern_Saga_Payment Service_Payment-Service] INFO  o.eclipse.m2e.core.internal.Bundles - 	Entry: D:\Software\sts-4.16.1.RELEASE\plugins\org.eclipse.m2e.maven.runtime_3.9.900.20240824-1409\jars\maven-repository-metadata-3.9.9.jar
2024-09-17 20:15:48,871 [Worker-23: Launching Executing install in D__Learn Code with Durgesh_Microservices_Design Pattern_Saga_Payment Service_Payment-Service] INFO  o.eclipse.m2e.core.internal.Bundles - 	Entry: D:\Software\sts-4.16.1.RELEASE\plugins\org.eclipse.m2e.maven.runtime_3.9.900.20240824-1409\jars\maven-resolver-api-1.9.22.jar
2024-09-17 20:15:48,872 [Worker-23: Launching Executing install in D__Learn Code with Durgesh_Microservices_Design Pattern_Saga_Payment Service_Payment-Service] INFO  o.eclipse.m2e.core.internal.Bundles - 	Entry: D:\Software\sts-4.16.1.RELEASE\plugins\org.eclipse.m2e.maven.runtime_3.9.900.20240824-1409\jars\maven-resolver-connector-basic-1.9.22.jar
2024-09-17 20:15:48,872 [Worker-23: Launching Executing install in D__Learn Code with Durgesh_Microservices_Design Pattern_Saga_Payment Service_Payment-Service] INFO  o.eclipse.m2e.core.internal.Bundles - 	Entry: D:\Software\sts-4.16.1.RELEASE\plugins\org.eclipse.m2e.maven.runtime_3.9.900.20240824-1409\jars\maven-resolver-impl-1.9.22.jar
2024-09-17 20:15:48,872 [Worker-23: Launching Executing install in D__Learn Code with Durgesh_Microservices_Design Pattern_Saga_Payment Service_Payment-Service] INFO  o.eclipse.m2e.core.internal.Bundles - 	Entry: D:\Software\sts-4.16.1.RELEASE\plugins\org.eclipse.m2e.maven.runtime_3.9.900.20240824-1409\jars\maven-resolver-named-locks-1.9.22.jar
2024-09-17 20:15:48,872 [Worker-23: Launching Executing install in D__Learn Code with Durgesh_Microservices_Design Pattern_Saga_Payment Service_Payment-Service] INFO  o.eclipse.m2e.core.internal.Bundles - 	Entry: D:\Software\sts-4.16.1.RELEASE\plugins\org.eclipse.m2e.maven.runtime_3.9.900.20240824-1409\jars\maven-resolver-provider-3.9.9.jar
2024-09-17 20:15:48,872 [Worker-23: Launching Executing install in D__Learn Code with Durgesh_Microservices_Design Pattern_Saga_Payment Service_Payment-Service] INFO  o.eclipse.m2e.core.internal.Bundles - 	Entry: D:\Software\sts-4.16.1.RELEASE\plugins\org.eclipse.m2e.maven.runtime_3.9.900.20240824-1409\jars\maven-resolver-spi-1.9.22.jar
2024-09-17 20:15:48,872 [Worker-23: Launching Executing install in D__Learn Code with Durgesh_Microservices_Design Pattern_Saga_Payment Service_Payment-Service] INFO  o.eclipse.m2e.core.internal.Bundles - 	Entry: D:\Software\sts-4.16.1.RELEASE\plugins\org.eclipse.m2e.maven.runtime_3.9.900.20240824-1409\jars\maven-resolver-transport-file-1.9.22.jar
2024-09-17 20:15:48,872 [Worker-23: Launching Executing install in D__Learn Code with Durgesh_Microservices_Design Pattern_Saga_Payment Service_Payment-Service] INFO  o.eclipse.m2e.core.internal.Bundles - 	Entry: D:\Software\sts-4.16.1.RELEASE\plugins\org.eclipse.m2e.maven.runtime_3.9.900.20240824-1409\jars\maven-resolver-transport-http-1.9.22.jar
2024-09-17 20:15:48,873 [Worker-23: Launching Executing install in D__Learn Code with Durgesh_Microservices_Design Pattern_Saga_Payment Service_Payment-Service] INFO  o.eclipse.m2e.core.internal.Bundles - 	Entry: D:\Software\sts-4.16.1.RELEASE\plugins\org.eclipse.m2e.maven.runtime_3.9.900.20240824-1409\jars\maven-resolver-transport-wagon-1.9.22.jar
2024-09-17 20:15:48,874 [Worker-23: Launching Executing install in D__Learn Code with Durgesh_Microservices_Design Pattern_Saga_Payment Service_Payment-Service] INFO  o.eclipse.m2e.core.internal.Bundles - 	Entry: D:\Software\sts-4.16.1.RELEASE\plugins\org.eclipse.m2e.maven.runtime_3.9.900.20240824-1409\jars\maven-resolver-util-1.9.22.jar
2024-09-17 20:15:48,874 [Worker-23: Launching Executing install in D__Learn Code with Durgesh_Microservices_Design Pattern_Saga_Payment Service_Payment-Service] INFO  o.eclipse.m2e.core.internal.Bundles - 	Entry: D:\Software\sts-4.16.1.RELEASE\plugins\org.eclipse.m2e.maven.runtime_3.9.900.20240824-1409\jars\maven-settings-3.9.9.jar
2024-09-17 20:15:48,874 [Worker-23: Launching Executing install in D__Learn Code with Durgesh_Microservices_Design Pattern_Saga_Payment Service_Payment-Service] INFO  o.eclipse.m2e.core.internal.Bundles - 	Entry: D:\Software\sts-4.16.1.RELEASE\plugins\org.eclipse.m2e.maven.runtime_3.9.900.20240824-1409\jars\maven-settings-builder-3.9.9.jar
2024-09-17 20:15:48,874 [Worker-23: Launching Executing install in D__Learn Code with Durgesh_Microservices_Design Pattern_Saga_Payment Service_Payment-Service] INFO  o.eclipse.m2e.core.internal.Bundles - 	Entry: D:\Software\sts-4.16.1.RELEASE\plugins\org.eclipse.m2e.maven.runtime_3.9.900.20240824-1409\jars\maven-shared-utils-3.4.2.jar
2024-09-17 20:15:48,875 [Worker-23: Launching Executing install in D__Learn Code with Durgesh_Microservices_Design Pattern_Saga_Payment Service_Payment-Service] INFO  o.eclipse.m2e.core.internal.Bundles - 	Entry: D:\Software\sts-4.16.1.RELEASE\plugins\org.eclipse.m2e.maven.runtime_3.9.900.20240824-1409\jars\org.eclipse.sisu.inject-0.9.0.M3.jar
2024-09-17 20:15:48,875 [Worker-23: Launching Executing install in D__Learn Code with Durgesh_Microservices_Design Pattern_Saga_Payment Service_Payment-Service] INFO  o.eclipse.m2e.core.internal.Bundles - 	Entry: D:\Software\sts-4.16.1.RELEASE\plugins\org.eclipse.m2e.maven.runtime_3.9.900.20240824-1409\jars\org.eclipse.sisu.plexus-0.9.0.M3.jar
2024-09-17 20:15:48,875 [Worker-23: Launching Executing install in D__Learn Code with Durgesh_Microservices_Design Pattern_Saga_Payment Service_Payment-Service] INFO  o.eclipse.m2e.core.internal.Bundles - 	Entry: D:\Software\sts-4.16.1.RELEASE\plugins\org.eclipse.m2e.maven.runtime_3.9.900.20240824-1409\jars\plexus-build-api-0.0.7.jar
2024-09-17 20:15:48,875 [Worker-23: Launching Executing install in D__Learn Code with Durgesh_Microservices_Design Pattern_Saga_Payment Service_Payment-Service] INFO  o.eclipse.m2e.core.internal.Bundles - 	Entry: D:\Software\sts-4.16.1.RELEASE\plugins\org.eclipse.m2e.maven.runtime_3.9.900.20240824-1409\jars\plexus-build-api-1.2.0.jar
2024-09-17 20:15:48,875 [Worker-23: Launching Executing install in D__Learn Code with Durgesh_Microservices_Design Pattern_Saga_Payment Service_Payment-Service] INFO  o.eclipse.m2e.core.internal.Bundles - 	Entry: D:\Software\sts-4.16.1.RELEASE\plugins\org.eclipse.m2e.maven.runtime_3.9.900.20240824-1409\jars\plexus-cipher-2.0.jar
2024-09-17 20:15:48,875 [Worker-23: Launching Executing install in D__Learn Code with Durgesh_Microservices_Design Pattern_Saga_Payment Service_Payment-Service] INFO  o.eclipse.m2e.core.internal.Bundles - 	Entry: D:\Software\sts-4.16.1.RELEASE\plugins\org.eclipse.m2e.maven.runtime_3.9.900.20240824-1409\jars\plexus-classworlds-2.8.0.jar
2024-09-17 20:15:48,875 [Worker-23: Launching Executing install in D__Learn Code with Durgesh_Microservices_Design Pattern_Saga_Payment Service_Payment-Service] INFO  o.eclipse.m2e.core.internal.Bundles - 	Entry: D:\Software\sts-4.16.1.RELEASE\plugins\org.eclipse.m2e.maven.runtime_3.9.900.20240824-1409\jars\plexus-component-annotations-2.1.0.jar
2024-09-17 20:15:48,875 [Worker-23: Launching Executing install in D__Learn Code with Durgesh_Microservices_Design Pattern_Saga_Payment Service_Payment-Service] INFO  o.eclipse.m2e.core.internal.Bundles - 	Entry: D:\Software\sts-4.16.1.RELEASE\plugins\org.eclipse.m2e.maven.runtime_3.9.900.20240824-1409\jars\plexus-interpolation-1.27.jar
2024-09-17 20:15:48,876 [Worker-23: Launching Executing install in D__Learn Code with Durgesh_Microservices_Design Pattern_Saga_Payment Service_Payment-Service] INFO  o.eclipse.m2e.core.internal.Bundles - 	Entry: D:\Software\sts-4.16.1.RELEASE\plugins\org.eclipse.m2e.maven.runtime_3.9.900.20240824-1409\jars\plexus-sec-dispatcher-2.0.jar
2024-09-17 20:15:48,876 [Worker-23: Launching Executing install in D__Learn Code with Durgesh_Microservices_Design Pattern_Saga_Payment Service_Payment-Service] INFO  o.eclipse.m2e.core.internal.Bundles - 	Entry: D:\Software\sts-4.16.1.RELEASE\plugins\org.eclipse.m2e.maven.runtime_3.9.900.20240824-1409\jars\plexus-utils-3.5.1.jar
2024-09-17 20:15:48,876 [Worker-23: Launching Executing install in D__Learn Code with Durgesh_Microservices_Design Pattern_Saga_Payment Service_Payment-Service] INFO  o.eclipse.m2e.core.internal.Bundles - 	Entry: D:\Software\sts-4.16.1.RELEASE\plugins\org.eclipse.m2e.maven.runtime_3.9.900.20240824-1409\jars\plexus-xml-3.0.1.jar
2024-09-17 20:15:48,876 [Worker-23: Launching Executing install in D__Learn Code with Durgesh_Microservices_Design Pattern_Saga_Payment Service_Payment-Service] INFO  o.eclipse.m2e.core.internal.Bundles - 	Entry: D:\Software\sts-4.16.1.RELEASE\plugins\org.eclipse.m2e.maven.runtime_3.9.900.20240824-1409\jars\wagon-file-3.5.3.jar
2024-09-17 20:15:48,876 [Worker-23: Launching Executing install in D__Learn Code with Durgesh_Microservices_Design Pattern_Saga_Payment Service_Payment-Service] INFO  o.eclipse.m2e.core.internal.Bundles - 	Entry: D:\Software\sts-4.16.1.RELEASE\plugins\org.eclipse.m2e.maven.runtime_3.9.900.20240824-1409\jars\wagon-http-3.5.3.jar
2024-09-17 20:15:48,876 [Worker-23: Launching Executing install in D__Learn Code with Durgesh_Microservices_Design Pattern_Saga_Payment Service_Payment-Service] INFO  o.eclipse.m2e.core.internal.Bundles - 	Entry: D:\Software\sts-4.16.1.RELEASE\plugins\org.eclipse.m2e.maven.runtime_3.9.900.20240824-1409\jars\wagon-http-shared-3.5.3.jar
2024-09-17 20:15:48,876 [Worker-23: Launching Executing install in D__Learn Code with Durgesh_Microservices_Design Pattern_Saga_Payment Service_Payment-Service] INFO  o.eclipse.m2e.core.internal.Bundles - 	Entry: D:\Software\sts-4.16.1.RELEASE\plugins\org.eclipse.m2e.maven.runtime_3.9.900.20240824-1409\jars\wagon-provider-api-3.5.3.jar
2024-09-17 20:15:48,881 [Worker-23: Launching Executing install in D__Learn Code with Durgesh_Microservices_Design Pattern_Saga_Payment Service_Payment-Service] INFO  o.eclipse.m2e.core.internal.Bundles - getClasspathEntries(Bundle=com.google.guava_33.3.0.jre [613])
2024-09-17 20:15:48,882 [Worker-23: Launching Executing install in D__Learn Code with Durgesh_Microservices_Design Pattern_Saga_Payment Service_Payment-Service] INFO  o.eclipse.m2e.core.internal.Bundles - 	Entry: D:\Software\sts-4.16.1.RELEASE\plugins\com.google.guava_33.3.0.jre.jar
2024-09-17 20:15:48,882 [Worker-23: Launching Executing install in D__Learn Code with Durgesh_Microservices_Design Pattern_Saga_Payment Service_Payment-Service] INFO  o.eclipse.m2e.core.internal.Bundles - getClasspathEntries(Bundle=slf4j.api_2.0.16 [1104])
2024-09-17 20:15:48,883 [Worker-23: Launching Executing install in D__Learn Code with Durgesh_Microservices_Design Pattern_Saga_Payment Service_Payment-Service] INFO  o.eclipse.m2e.core.internal.Bundles - 	Entry: D:\Software\sts-4.16.1.RELEASE\plugins\slf4j.api_2.0.16.jar
2024-09-17 20:15:48,883 [Worker-23: Launching Executing install in D__Learn Code with Durgesh_Microservices_Design Pattern_Saga_Payment Service_Payment-Service] INFO  o.eclipse.m2e.core.internal.Bundles - getClasspathEntries(Bundle=javax.inject_1.0.0.v20220405-0441 [48])
2024-09-17 20:15:48,883 [Worker-23: Launching Executing install in D__Learn Code with Durgesh_Microservices_Design Pattern_Saga_Payment Service_Payment-Service] INFO  o.eclipse.m2e.core.internal.Bundles - 	Entry: D:\Software\sts-4.16.1.RELEASE\plugins\javax.inject_1.0.0.v20220405-0441.jar
2024-09-17 20:15:48,883 [Worker-23: Launching Executing install in D__Learn Code with Durgesh_Microservices_Design Pattern_Saga_Payment Service_Payment-Service] INFO  o.eclipse.m2e.core.internal.Bundles - getClasspathEntries(Bundle=javax.annotation_1.3.5.v20200909-1856 [46])
2024-09-17 20:15:48,884 [Worker-23: Launching Executing install in D__Learn Code with Durgesh_Microservices_Design Pattern_Saga_Payment Service_Payment-Service] INFO  o.eclipse.m2e.core.internal.Bundles - 	Entry: D:\Software\sts-4.16.1.RELEASE\plugins\javax.annotation_1.3.5.v20200909-1856.jar
2024-09-17 20:15:48,884 [Worker-23: Launching Executing install in D__Learn Code with Durgesh_Microservices_Design Pattern_Saga_Payment Service_Payment-Service] INFO  o.eclipse.m2e.core.internal.Bundles - getClasspathEntries(Bundle=org.apache.commons.cli_1.9.0 [651])
2024-09-17 20:15:48,884 [Worker-23: Launching Executing install in D__Learn Code with Durgesh_Microservices_Design Pattern_Saga_Payment Service_Payment-Service] INFO  o.eclipse.m2e.core.internal.Bundles - 	Entry: D:\Software\sts-4.16.1.RELEASE\plugins\org.apache.commons.cli_1.9.0.jar
2024-09-17 20:15:48,885 [Worker-23: Launching Executing install in D__Learn Code with Durgesh_Microservices_Design Pattern_Saga_Payment Service_Payment-Service] INFO  o.eclipse.m2e.core.internal.Bundles - getClasspathEntries(Bundle=org.apache.commons.commons-codec_1.16.0 [652])
2024-09-17 20:15:48,885 [Worker-23: Launching Executing install in D__Learn Code with Durgesh_Microservices_Design Pattern_Saga_Payment Service_Payment-Service] INFO  o.eclipse.m2e.core.internal.Bundles - 	Entry: D:\Software\sts-4.16.1.RELEASE\plugins\org.apache.commons.commons-codec_1.16.0.jar
2024-09-17 20:15:48,885 [Worker-23: Launching Executing install in D__Learn Code with Durgesh_Microservices_Design Pattern_Saga_Payment Service_Payment-Service] INFO  o.eclipse.m2e.core.internal.Bundles - getClasspathEntries(Bundle=com.google.guava.failureaccess_1.0.2 [614])
2024-09-17 20:15:48,885 [Worker-23: Launching Executing install in D__Learn Code with Durgesh_Microservices_Design Pattern_Saga_Payment Service_Payment-Service] INFO  o.eclipse.m2e.core.internal.Bundles - 	Entry: D:\Software\sts-4.16.1.RELEASE\plugins\com.google.guava.failureaccess_1.0.2.jar
2024-09-17 20:15:48,893 [Worker-23: Launching Executing install in D__Learn Code with Durgesh_Microservices_Design Pattern_Saga_Payment Service_Payment-Service] INFO  o.e.m.i.launch.MavenLaunchDelegate - Run build in "D:\Learn Code with Durgesh\Microservices\Design Pattern\Saga\Payment Service\Payment-Service":
2024-09-17 20:15:48,895 [Worker-23: Launching Executing install in D__Learn Code with Durgesh_Microservices_Design Pattern_Saga_Payment Service_Payment-Service] INFO  o.e.m.i.launch.MavenLaunchDelegate -  mvn  -Ppom.xml -B -Dstyle.color=always install
2024-09-19 19:50:37,541 [Worker-4: Loading available Gradle versions] INFO  o.e.b.c.i.u.g.PublishedGradleVersions - Gradle version information cache is up-to-date. Trying to read.
2024-09-19 19:51:18,964 [Worker-2: Building] INFO  o.a.m.s.f.DefaultMavenResourcesFiltering - Copying 1 resource from src\main\resources to target\classes
2024-09-19 19:51:19,011 [Worker-2: Building] INFO  o.a.m.s.f.DefaultMavenResourcesFiltering - Copying 0 resource from src\main\resources to target\classes
2024-09-19 19:51:19,021 [Worker-2: Building] INFO  o.a.m.s.f.DefaultMavenResourcesFiltering - skip non existing resourceDirectory D:\Learn Code with Durgesh\Microservices\Design Pattern\Saga\Payment Service\Payment-Service\src\test\resources
2024-09-19 19:51:25,857 [Worker-1: Building] INFO  o.a.m.s.f.DefaultMavenResourcesFiltering - Copying 1 resource from src\main\resources to target\classes
2024-09-19 19:51:25,871 [Worker-1: Building] INFO  o.a.m.s.f.DefaultMavenResourcesFiltering - Copying 0 resource from src\main\resources to target\classes
2024-09-19 19:51:25,873 [Worker-1: Building] INFO  o.a.m.s.f.DefaultMavenResourcesFiltering - skip non existing resourceDirectory D:\Learn Code with Durgesh\Microservices\Design Pattern\Saga\Payment Service\Payment-Service\src\test\resources
2024-09-19 19:51:37,983 [Worker-4: Building] INFO  o.a.m.s.f.DefaultMavenResourcesFiltering - Copying 1 resource from src\main\resources to target\classes
2024-09-19 19:51:37,988 [Worker-4: Building] INFO  o.a.m.s.f.DefaultMavenResourcesFiltering - Copying 0 resource from src\main\resources to target\classes
2024-09-19 19:51:37,991 [Worker-4: Building] INFO  o.a.m.s.f.DefaultMavenResourcesFiltering - skip non existing resourceDirectory D:\Learn Code with Durgesh\Microservices\Design Pattern\Saga\Payment Service\Payment-Service\src\test\resources
2024-09-19 19:51:41,806 [Worker-8: Building] INFO  o.a.m.s.f.DefaultMavenResourcesFiltering - Copying 1 resource from src\main\resources to target\classes
2024-09-19 19:51:41,890 [Worker-8: Building] INFO  o.a.m.s.f.DefaultMavenResourcesFiltering - Copying 0 resource from src\main\resources to target\classes
2024-09-19 19:51:41,893 [Worker-8: Building] INFO  o.a.m.s.f.DefaultMavenResourcesFiltering - skip non existing resourceDirectory D:\Learn Code with Durgesh\Microservices\Design Pattern\Saga\Payment Service\Payment-Service\src\test\resources
2024-09-19 19:52:11,082 [Worker-4: Building] INFO  o.a.m.s.f.DefaultMavenResourcesFiltering - Copying 1 resource from src\main\resources to target\classes
2024-09-19 19:52:11,230 [Worker-4: Building] INFO  o.a.m.s.f.DefaultMavenResourcesFiltering - Copying 0 resource from src\main\resources to target\classes
2024-09-19 19:52:11,236 [Worker-4: Building] INFO  o.a.m.s.f.DefaultMavenResourcesFiltering - skip non existing resourceDirectory D:\Learn Code with Durgesh\Microservices\Design Pattern\Saga\Payment Service\Payment-Service\src\test\resources
2024-09-19 19:52:24,866 [Worker-8: Building] INFO  o.a.m.s.f.DefaultMavenResourcesFiltering - Copying 1 resource from src\main\resources to target\classes
2024-09-19 19:52:24,889 [Worker-8: Building] INFO  o.a.m.s.f.DefaultMavenResourcesFiltering - Copying 0 resource from src\main\resources to target\classes
2024-09-19 19:52:24,893 [Worker-8: Building] INFO  o.a.m.s.f.DefaultMavenResourcesFiltering - skip non existing resourceDirectory D:\Learn Code with Durgesh\Microservices\Design Pattern\Saga\Payment Service\Payment-Service\src\test\resources
2024-09-19 19:52:56,102 [Worker-6: Building] INFO  o.a.m.s.f.DefaultMavenResourcesFiltering - Copying 1 resource from src\main\resources to target\classes
2024-09-19 19:52:56,121 [Worker-6: Building] INFO  o.a.m.s.f.DefaultMavenResourcesFiltering - Copying 0 resource from src\main\resources to target\classes
2024-09-19 19:52:56,124 [Worker-6: Building] INFO  o.a.m.s.f.DefaultMavenResourcesFiltering - skip non existing resourceDirectory D:\Learn Code with Durgesh\Microservices\Design Pattern\Saga\Payment Service\Payment-Service\src\test\resources
2024-09-19 19:53:48,856 [Worker-5: Building] INFO  o.a.m.s.f.DefaultMavenResourcesFiltering - Copying 1 resource from src\main\resources to target\classes
2024-09-19 19:53:48,864 [Worker-5: Building] INFO  o.a.m.s.f.DefaultMavenResourcesFiltering - Copying 0 resource from src\main\resources to target\classes
2024-09-19 19:53:48,870 [Worker-5: Building] INFO  o.a.m.s.f.DefaultMavenResourcesFiltering - skip non existing resourceDirectory D:\Learn Code with Durgesh\Microservices\Design Pattern\Saga\Payment Service\Payment-Service\src\test\resources
2024-09-19 19:54:02,062 [Worker-1: Building] INFO  o.a.m.s.f.DefaultMavenResourcesFiltering - Copying 1 resource from src\main\resources to target\classes
2024-09-19 19:54:02,067 [Worker-1: Building] INFO  o.a.m.s.f.DefaultMavenResourcesFiltering - Copying 0 resource from src\main\resources to target\classes
2024-09-19 19:54:02,073 [Worker-1: Building] INFO  o.a.m.s.f.DefaultMavenResourcesFiltering - skip non existing resourceDirectory D:\Learn Code with Durgesh\Microservices\Design Pattern\Saga\Payment Service\Payment-Service\src\test\resources
2024-09-19 19:54:17,057 [Worker-4: Building] INFO  o.a.m.s.f.DefaultMavenResourcesFiltering - Copying 1 resource from src\main\resources to target\classes
2024-09-19 19:54:17,061 [Worker-4: Building] INFO  o.a.m.s.f.DefaultMavenResourcesFiltering - Copying 0 resource from src\main\resources to target\classes
2024-09-19 19:54:17,065 [Worker-4: Building] INFO  o.a.m.s.f.DefaultMavenResourcesFiltering - skip non existing resourceDirectory D:\Learn Code with Durgesh\Microservices\Design Pattern\Saga\Payment Service\Payment-Service\src\test\resources
2024-09-19 19:54:28,023 [Worker-2: Building] INFO  o.a.m.s.f.DefaultMavenResourcesFiltering - Copying 1 resource from src\main\resources to target\classes
2024-09-19 19:54:28,030 [Worker-2: Building] INFO  o.a.m.s.f.DefaultMavenResourcesFiltering - Copying 0 resource from src\main\resources to target\classes
2024-09-19 19:54:28,036 [Worker-2: Building] INFO  o.a.m.s.f.DefaultMavenResourcesFiltering - skip non existing resourceDirectory D:\Learn Code with Durgesh\Microservices\Design Pattern\Saga\Payment Service\Payment-Service\src\test\resources
2024-09-19 19:56:45,791 [Worker-10: Building] INFO  o.a.m.s.f.DefaultMavenResourcesFiltering - Copying 1 resource from src\main\resources to target\classes
2024-09-19 19:56:45,799 [Worker-10: Building] INFO  o.a.m.s.f.DefaultMavenResourcesFiltering - Copying 0 resource from src\main\resources to target\classes
2024-09-19 19:56:45,804 [Worker-10: Building] INFO  o.a.m.s.f.DefaultMavenResourcesFiltering - skip non existing resourceDirectory D:\Learn Code with Durgesh\Microservices\Design Pattern\Saga\Payment Service\Payment-Service\src\test\resources
2024-09-19 19:57:01,631 [Worker-2: Building] INFO  o.a.m.s.f.DefaultMavenResourcesFiltering - Copying 1 resource from src\main\resources to target\classes
2024-09-19 19:57:01,637 [Worker-2: Building] INFO  o.a.m.s.f.DefaultMavenResourcesFiltering - Copying 0 resource from src\main\resources to target\classes
2024-09-19 19:57:01,642 [Worker-2: Building] INFO  o.a.m.s.f.DefaultMavenResourcesFiltering - skip non existing resourceDirectory D:\Learn Code with Durgesh\Microservices\Design Pattern\Saga\Payment Service\Payment-Service\src\test\resources
2024-09-19 19:57:16,405 [Worker-4: Building] INFO  o.a.m.s.f.DefaultMavenResourcesFiltering - Copying 1 resource from src\main\resources to target\classes
2024-09-19 19:57:16,413 [Worker-4: Building] INFO  o.a.m.s.f.DefaultMavenResourcesFiltering - Copying 0 resource from src\main\resources to target\classes
2024-09-19 19:57:16,437 [Worker-4: Building] INFO  o.a.m.s.f.DefaultMavenResourcesFiltering - skip non existing resourceDirectory D:\Learn Code with Durgesh\Microservices\Design Pattern\Saga\Payment Service\Payment-Service\src\test\resources
2024-09-19 19:57:33,422 [Worker-0: Building] INFO  o.a.m.s.f.DefaultMavenResourcesFiltering - Copying 1 resource from src\main\resources to target\classes
2024-09-19 19:57:33,425 [Worker-0: Building] INFO  o.a.m.s.f.DefaultMavenResourcesFiltering - Copying 0 resource from src\main\resources to target\classes
2024-09-19 19:57:33,428 [Worker-0: Building] INFO  o.a.m.s.f.DefaultMavenResourcesFiltering - skip non existing resourceDirectory D:\Learn Code with Durgesh\Microservices\Design Pattern\Saga\Payment Service\Payment-Service\src\test\resources
2024-09-19 19:58:03,730 [Worker-4: Building] INFO  o.a.m.s.f.DefaultMavenResourcesFiltering - Copying 1 resource from src\main\resources to target\classes
2024-09-19 19:58:03,737 [Worker-4: Building] INFO  o.a.m.s.f.DefaultMavenResourcesFiltering - Copying 0 resource from src\main\resources to target\classes
2024-09-19 19:58:03,743 [Worker-4: Building] INFO  o.a.m.s.f.DefaultMavenResourcesFiltering - skip non existing resourceDirectory D:\Learn Code with Durgesh\Microservices\Design Pattern\Saga\Payment Service\Payment-Service\src\test\resources
2024-09-19 19:58:53,352 [Worker-0: Building] INFO  o.a.m.s.f.DefaultMavenResourcesFiltering - Copying 1 resource from src\main\resources to target\classes
2024-09-19 19:58:53,357 [Worker-0: Building] INFO  o.a.m.s.f.DefaultMavenResourcesFiltering - Copying 0 resource from src\main\resources to target\classes
2024-09-19 19:58:53,360 [Worker-0: Building] INFO  o.a.m.s.f.DefaultMavenResourcesFiltering - skip non existing resourceDirectory D:\Learn Code with Durgesh\Microservices\Design Pattern\Saga\Payment Service\Payment-Service\src\test\resources
2024-09-19 20:00:19,286 [Worker-10: Building] INFO  o.a.m.s.f.DefaultMavenResourcesFiltering - Copying 1 resource from src\main\resources to target\classes
2024-09-19 20:00:19,318 [Worker-10: Building] INFO  o.a.m.s.f.DefaultMavenResourcesFiltering - Copying 0 resource from src\main\resources to target\classes
2024-09-19 20:00:19,327 [Worker-10: Building] INFO  o.a.m.s.f.DefaultMavenResourcesFiltering - skip non existing resourceDirectory D:\Learn Code with Durgesh\Microservices\Design Pattern\Saga\Payment Service\Payment-Service\src\test\resources
2024-09-19 20:02:01,062 [Worker-18: Building] INFO  o.a.m.s.f.DefaultMavenResourcesFiltering - Copying 1 resource from src\main\resources to target\classes
2024-09-19 20:02:01,115 [Worker-18: Building] INFO  o.a.m.s.f.DefaultMavenResourcesFiltering - Copying 0 resource from src\main\resources to target\classes
2024-09-19 20:02:01,127 [Worker-18: Building] INFO  o.a.m.s.f.DefaultMavenResourcesFiltering - skip non existing resourceDirectory D:\Learn Code with Durgesh\Microservices\Design Pattern\Saga\Payment Service\Payment-Service\src\test\resources
2024-09-19 20:02:21,573 [Worker-4: Building] INFO  o.a.m.s.f.DefaultMavenResourcesFiltering - Copying 1 resource from src\main\resources to target\classes
2024-09-19 20:02:21,573 [Worker-4: Building] INFO  o.a.m.s.f.DefaultMavenResourcesFiltering - Copying 0 resource from src\main\resources to target\classes
2024-09-19 20:02:21,587 [Worker-4: Building] INFO  o.a.m.s.f.DefaultMavenResourcesFiltering - skip non existing resourceDirectory D:\Learn Code with Durgesh\Microservices\Design Pattern\Saga\Payment Service\Payment-Service\src\test\resources
2024-09-19 20:57:35,959 [Worker-28: Building] INFO  o.a.m.s.f.DefaultMavenResourcesFiltering - Copying 2 resources from src\main\resources to target\classes
2024-09-19 20:57:36,013 [Worker-28: Building] INFO  o.a.m.s.f.DefaultMavenResourcesFiltering - Copying 0 resource from src\main\resources to target\classes
2024-09-19 20:57:36,017 [Worker-28: Building] INFO  o.a.m.s.f.DefaultMavenResourcesFiltering - skip non existing resourceDirectory D:\Learn Code with Durgesh\Microservices\Design Pattern\Saga\Payment Service\Payment-Service\src\test\resources
2024-09-19 20:58:12,780 [Worker-28: Building] INFO  o.a.m.s.f.DefaultMavenResourcesFiltering - Copying 2 resources from src\main\resources to target\classes
2024-09-19 20:58:12,805 [Worker-28: Building] INFO  o.a.m.s.f.DefaultMavenResourcesFiltering - Copying 0 resource from src\main\resources to target\classes
2024-09-19 20:58:12,807 [Worker-28: Building] INFO  o.a.m.s.f.DefaultMavenResourcesFiltering - skip non existing resourceDirectory D:\Learn Code with Durgesh\Microservices\Design Pattern\Saga\Payment Service\Payment-Service\src\test\resources
2024-09-19 20:58:13,952 [Worker-29: Building] INFO  o.a.m.s.f.DefaultMavenResourcesFiltering - Copying 2 resources from src\main\resources to target\classes
2024-09-19 20:58:13,962 [Worker-29: Building] INFO  o.a.m.s.f.DefaultMavenResourcesFiltering - Copying 0 resource from src\main\resources to target\classes
2024-09-19 20:58:13,964 [Worker-29: Building] INFO  o.a.m.s.f.DefaultMavenResourcesFiltering - skip non existing resourceDirectory D:\Learn Code with Durgesh\Microservices\Design Pattern\Saga\Payment Service\Payment-Service\src\test\resources
